{"/home/ludvik/vrsky/ui/src/components/MetricsDisplay/MessageProgressBar.tsx": {"path":"/home/ludvik/vrsky/ui/src/components/MetricsDisplay/MessageProgressBar.tsx","statementMap":{"0":{"start":{"line":20,"column":19},"end":{"line":20,"column":null}},"1":{"start":{"line":21,"column":25},"end":{"line":21,"column":null}},"2":{"start":{"line":23,"column":2},"end":{"line":63,"column":null}}},"fnMap":{"0":{"name":"MessageProgressBar","decl":{"start":{"line":13,"column":16},"end":{"line":13,"column":35}},"loc":{"start":{"line":18,"column":28},"end":{"line":65,"column":null}},"line":18}},"branchMap":{"0":{"loc":{"start":{"line":17,"column":2},"end":{"line":17,"column":null}},"type":"default-arg","locations":[{"start":{"line":17,"column":10},"end":{"line":17,"column":null}}],"line":17},"1":{"loc":{"start":{"line":20,"column":19},"end":{"line":20,"column":null}},"type":"cond-expr","locations":[{"start":{"line":20,"column":37},"end":{"line":20,"column":71}},{"start":{"line":20,"column":71},"end":{"line":20,"column":null}}],"line":20},"2":{"loc":{"start":{"line":51,"column":48},"end":{"line":51,"column":98}},"type":"cond-expr","locations":[{"start":{"line":51,"column":68},"end":{"line":51,"column":85}},{"start":{"line":51,"column":85},"end":{"line":51,"column":98}}],"line":51},"3":{"loc":{"start":{"line":53,"column":11},"end":{"line":53,"column":null}},"type":"cond-expr","locations":[{"start":{"line":53,"column":31},"end":{"line":53,"column":55}},{"start":{"line":53,"column":55},"end":{"line":53,"column":null}}],"line":53},"4":{"loc":{"start":{"line":60,"column":11},"end":{"line":60,"column":null}},"type":"cond-expr","locations":[{"start":{"line":60,"column":28},"end":{"line":60,"column":53}},{"start":{"line":60,"column":53},"end":{"line":60,"column":null}}],"line":60},"5":{"loc":{"start":{"line":60,"column":53},"end":{"line":60,"column":null}},"type":"cond-expr","locations":[{"start":{"line":60,"column":70},"end":{"line":60,"column":90}},{"start":{"line":60,"column":90},"end":{"line":60,"column":null}}],"line":60},"6":{"loc":{"start":{"line":60,"column":90},"end":{"line":60,"column":null}},"type":"cond-expr","locations":[{"start":{"line":60,"column":107},"end":{"line":60,"column":127}},{"start":{"line":60,"column":127},"end":{"line":60,"column":null}}],"line":60}},"s":{"0":40,"1":40,"2":40},"f":{"0":40},"b":{"0":[40],"1":[38,2],"2":[34,6],"3":[34,6],"4":[8,32],"5":[1,31],"6":[3,28]},"meta":{"lastBranch":7,"lastFunction":1,"lastStatement":3,"seen":{"f:13:16:13:35":0,"b:17:10:17:Infinity":0,"s:20:19:20:Infinity":0,"b:20:37:20:71:20:71:20:Infinity":1,"s:21:25:21:Infinity":1,"s:23:2:63:Infinity":2,"b:51:68:51:85:51:85:51:98":2,"b:53:31:53:55:53:55:53:Infinity":3,"b:60:28:60:53:60:53:60:Infinity":4,"b:60:70:60:90:60:90:60:Infinity":5,"b:60:107:60:127:60:127:60:Infinity":6}}}
,"/home/ludvik/vrsky/ui/src/components/MetricsDisplay/MetricsCard.tsx": {"path":"/home/ludvik/vrsky/ui/src/components/MetricsDisplay/MetricsCard.tsx","statementMap":{"0":{"start":{"line":17,"column":44},"end":{"line":23,"column":null}},"1":{"start":{"line":25,"column":44},"end":{"line":29,"column":null}},"2":{"start":{"line":31,"column":43},"end":{"line":35,"column":null}},"3":{"start":{"line":47,"column":2},"end":{"line":59,"column":null}},"4":{"start":{"line":48,"column":4},"end":{"line":57,"column":null}},"5":{"start":{"line":61,"column":2},"end":{"line":79,"column":null}}},"fnMap":{"0":{"name":"MetricsCard","decl":{"start":{"line":37,"column":16},"end":{"line":37,"column":28}},"loc":{"start":{"line":46,"column":21},"end":{"line":81,"column":null}},"line":46}},"branchMap":{"0":{"loc":{"start":{"line":40,"column":2},"end":{"line":40,"column":null}},"type":"default-arg","locations":[{"start":{"line":40,"column":9},"end":{"line":40,"column":null}}],"line":40},"1":{"loc":{"start":{"line":44,"column":2},"end":{"line":44,"column":null}},"type":"default-arg","locations":[{"start":{"line":44,"column":10},"end":{"line":44,"column":null}}],"line":44},"2":{"loc":{"start":{"line":45,"column":2},"end":{"line":45,"column":null}},"type":"default-arg","locations":[{"start":{"line":45,"column":12},"end":{"line":45,"column":null}}],"line":45},"3":{"loc":{"start":{"line":47,"column":2},"end":{"line":59,"column":null}},"type":"if","locations":[{"start":{"line":47,"column":2},"end":{"line":59,"column":null}},{"start":{},"end":{}}],"line":47},"4":{"loc":{"start":{"line":52,"column":11},"end":{"line":52,"column":null}},"type":"binary-expr","locations":[{"start":{"line":52,"column":11},"end":{"line":52,"column":19}},{"start":{"line":52,"column":19},"end":{"line":52,"column":null}}],"line":52},"5":{"loc":{"start":{"line":65,"column":9},"end":{"line":65,"column":null}},"type":"binary-expr","locations":[{"start":{"line":65,"column":9},"end":{"line":65,"column":17}},{"start":{"line":65,"column":17},"end":{"line":65,"column":null}}],"line":65},"6":{"loc":{"start":{"line":70,"column":11},"end":{"line":70,"column":null}},"type":"binary-expr","locations":[{"start":{"line":70,"column":11},"end":{"line":70,"column":19}},{"start":{"line":70,"column":19},"end":{"line":70,"column":null}}],"line":70},"7":{"loc":{"start":{"line":72,"column":9},"end":{"line":76,"column":null}},"type":"binary-expr","locations":[{"start":{"line":72,"column":9},"end":{"line":72,"column":null}},{"start":{"line":73,"column":10},"end":{"line":76,"column":null}}],"line":72},"8":{"loc":{"start":{"line":75,"column":13},"end":{"line":75,"column":null}},"type":"binary-expr","locations":[{"start":{"line":75,"column":13},"end":{"line":75,"column":27}},{"start":{"line":75,"column":27},"end":{"line":75,"column":null}}],"line":75}},"s":{"0":1,"1":1,"2":1,"3":8,"4":1,"5":7},"f":{"0":8},"b":{"0":[8],"1":[8],"2":[8],"3":[1,7],"4":[1,0],"5":[7,1],"6":[8,1],"7":[8,1],"8":[1,1]},"meta":{"lastBranch":9,"lastFunction":1,"lastStatement":6,"seen":{"s:17:44:23:Infinity":0,"s:25:44:29:Infinity":1,"s:31:43:35:Infinity":2,"f:37:16:37:28":0,"b:40:9:40:Infinity":0,"b:44:10:44:Infinity":1,"b:45:12:45:Infinity":2,"b:47:2:59:Infinity:undefined:undefined:undefined:undefined":3,"s:47:2:59:Infinity":3,"s:48:4:57:Infinity":4,"b:52:11:52:19:52:19:52:Infinity":4,"s:61:2:79:Infinity":5,"b:65:9:65:17:65:17:65:Infinity":5,"b:70:11:70:19:70:19:70:Infinity":6,"b:72:9:72:Infinity:73:10:76:Infinity":7,"b:75:13:75:27:75:27:75:Infinity":8}}}
,"/home/ludvik/vrsky/ui/src/components/MetricsDisplay/PipelineFlowVisualization.tsx": {"path":"/home/ludvik/vrsky/ui/src/components/MetricsDisplay/PipelineFlowVisualization.tsx","statementMap":{"0":{"start":{"line":12,"column":83},"end":{"line":28,"column":null}},"1":{"start":{"line":31,"column":2},"end":{"line":37,"column":null}},"2":{"start":{"line":32,"column":4},"end":{"line":35,"column":null}},"3":{"start":{"line":39,"column":21},"end":{"line":64,"column":null}},"4":{"start":{"line":66,"column":2},"end":{"line":170,"column":null}},"5":{"start":{"line":75,"column":22},"end":{"line":75,"column":null}},"6":{"start":{"line":77,"column":12},"end":{"line":121,"column":null}},"7":{"start":{"line":130,"column":34},"end":{"line":130,"column":null}},"8":{"start":{"line":131,"column":10},"end":{"line":148,"column":null}}},"fnMap":{"0":{"name":"PipelineFlowVisualization","decl":{"start":{"line":30,"column":16},"end":{"line":30,"column":42}},"loc":{"start":{"line":30,"column":87},"end":{"line":172,"column":null}},"line":30},"1":{"name":"(anonymous_1)","decl":{"start":{"line":74,"column":26},"end":{"line":74,"column":27}},"loc":{"start":{"line":74,"column":48},"end":{"line":123,"column":11}},"line":74},"2":{"name":"(anonymous_2)","decl":{"start":{"line":129,"column":24},"end":{"line":129,"column":25}},"loc":{"start":{"line":129,"column":39},"end":{"line":150,"column":9}},"line":129}},"branchMap":{"0":{"loc":{"start":{"line":31,"column":2},"end":{"line":37,"column":null}},"type":"if","locations":[{"start":{"line":31,"column":2},"end":{"line":37,"column":null}},{"start":{},"end":{}}],"line":31},"1":{"loc":{"start":{"line":80,"column":17},"end":{"line":84,"column":null}},"type":"binary-expr","locations":[{"start":{"line":80,"column":17},"end":{"line":80,"column":null}},{"start":{"line":81,"column":18},"end":{"line":84,"column":null}}],"line":80},"2":{"loc":{"start":{"line":104,"column":24},"end":{"line":104,"column":null}},"type":"cond-expr","locations":[{"start":{"line":104,"column":56},"end":{"line":104,"column":68}},{"start":{"line":104,"column":68},"end":{"line":104,"column":null}}],"line":104},"3":{"loc":{"start":{"line":104,"column":68},"end":{"line":104,"column":null}},"type":"cond-expr","locations":[{"start":{"line":104,"column":99},"end":{"line":104,"column":111}},{"start":{"line":104,"column":111},"end":{"line":104,"column":null}}],"line":104},"4":{"loc":{"start":{"line":116,"column":17},"end":{"line":119,"column":null}},"type":"binary-expr","locations":[{"start":{"line":116,"column":17},"end":{"line":116,"column":null}},{"start":{"line":117,"column":18},"end":{"line":119,"column":null}}],"line":116},"5":{"loc":{"start":{"line":137,"column":20},"end":{"line":141,"column":null}},"type":"cond-expr","locations":[{"start":{"line":138,"column":24},"end":{"line":138,"column":null}},{"start":{"line":139,"column":24},"end":{"line":141,"column":null}}],"line":137},"6":{"loc":{"start":{"line":139,"column":24},"end":{"line":141,"column":null}},"type":"cond-expr","locations":[{"start":{"line":140,"column":26},"end":{"line":140,"column":null}},{"start":{"line":141,"column":26},"end":{"line":141,"column":null}}],"line":139},"7":{"loc":{"start":{"line":163,"column":46},"end":{"line":163,"column":130}},"type":"cond-expr","locations":[{"start":{"line":163,"column":73},"end":{"line":163,"column":102}},{"start":{"line":163,"column":102},"end":{"line":163,"column":130}}],"line":163},"8":{"loc":{"start":{"line":165,"column":45},"end":{"line":165,"column":104}},"type":"cond-expr","locations":[{"start":{"line":165,"column":72},"end":{"line":165,"column":89}},{"start":{"line":165,"column":89},"end":{"line":165,"column":104}}],"line":165}},"s":{"0":1,"1":31,"2":2,"3":29,"4":29,"5":116,"6":116,"7":116,"8":116},"f":{"0":31,"1":116,"2":116},"b":{"0":[2,29],"1":[116,87],"2":[114,2],"3":[1,1],"4":[116,31],"5":[114,2],"6":[1,1],"7":[27,2],"8":[27,2]},"meta":{"lastBranch":9,"lastFunction":3,"lastStatement":9,"seen":{"s:12:83:28:Infinity":0,"f:30:16:30:42":0,"b:31:2:37:Infinity:undefined:undefined:undefined:undefined":0,"s:31:2:37:Infinity":1,"s:32:4:35:Infinity":2,"s:39:21:64:Infinity":3,"s:66:2:170:Infinity":4,"f:74:26:74:27":1,"s:75:22:75:Infinity":5,"s:77:12:121:Infinity":6,"b:80:17:80:Infinity:81:18:84:Infinity":1,"b:104:56:104:68:104:68:104:Infinity":2,"b:104:99:104:111:104:111:104:Infinity":3,"b:116:17:116:Infinity:117:18:119:Infinity":4,"f:129:24:129:25":2,"s:130:34:130:Infinity":7,"s:131:10:148:Infinity":8,"b:138:24:138:Infinity:139:24:141:Infinity":5,"b:140:26:140:Infinity:141:26:141:Infinity":6,"b:163:73:163:102:163:102:163:130":7,"b:165:72:165:89:165:89:165:104":8}}}
,"/home/ludvik/vrsky/ui/src/components/TestData/AutoGeneratorControls.tsx": {"path":"/home/ludvik/vrsky/ui/src/components/TestData/AutoGeneratorControls.tsx","statementMap":{"0":{"start":{"line":18,"column":26},"end":{"line":18,"column":null}},"1":{"start":{"line":19,"column":28},"end":{"line":19,"column":null}},"2":{"start":{"line":20,"column":22},"end":{"line":20,"column":null}},"3":{"start":{"line":21,"column":36},"end":{"line":21,"column":null}},"4":{"start":{"line":22,"column":26},"end":{"line":22,"column":null}},"5":{"start":{"line":25,"column":2},"end":{"line":38,"column":null}},"6":{"start":{"line":26,"column":24},"end":{"line":35,"column":null}},"7":{"start":{"line":27,"column":6},"end":{"line":34,"column":null}},"8":{"start":{"line":28,"column":23},"end":{"line":28,"column":null}},"9":{"start":{"line":29,"column":8},"end":{"line":29,"column":null}},"10":{"start":{"line":30,"column":8},"end":{"line":30,"column":null}},"11":{"start":{"line":33,"column":8},"end":{"line":33,"column":null}},"12":{"start":{"line":37,"column":4},"end":{"line":37,"column":null}},"13":{"start":{"line":41,"column":2},"end":{"line":55,"column":null}},"14":{"start":{"line":42,"column":4},"end":{"line":42,"column":null}},"15":{"start":{"line":42,"column":26},"end":{"line":42,"column":null}},"16":{"start":{"line":44,"column":21},"end":{"line":52,"column":null}},"17":{"start":{"line":45,"column":6},"end":{"line":51,"column":null}},"18":{"start":{"line":46,"column":23},"end":{"line":46,"column":null}},"19":{"start":{"line":47,"column":8},"end":{"line":47,"column":null}},"20":{"start":{"line":48,"column":8},"end":{"line":48,"column":null}},"21":{"start":{"line":50,"column":8},"end":{"line":50,"column":null}},"22":{"start":{"line":54,"column":4},"end":{"line":54,"column":null}},"23":{"start":{"line":54,"column":17},"end":{"line":54,"column":null}},"24":{"start":{"line":57,"column":22},"end":{"line":91,"column":null}},"25":{"start":{"line":58,"column":4},"end":{"line":65,"column":null}},"26":{"start":{"line":59,"column":6},"end":{"line":63,"column":null}},"27":{"start":{"line":64,"column":6},"end":{"line":64,"column":null}},"28":{"start":{"line":67,"column":4},"end":{"line":90,"column":null}},"29":{"start":{"line":68,"column":6},"end":{"line":68,"column":null}},"30":{"start":{"line":69,"column":6},"end":{"line":69,"column":null}},"31":{"start":{"line":72,"column":21},"end":{"line":72,"column":null}},"32":{"start":{"line":73,"column":6},"end":{"line":73,"column":null}},"33":{"start":{"line":74,"column":6},"end":{"line":74,"column":null}},"34":{"start":{"line":76,"column":6},"end":{"line":80,"column":null}},"35":{"start":{"line":82,"column":12},"end":{"line":82,"column":null}},"36":{"start":{"line":83,"column":6},"end":{"line":87,"column":null}},"37":{"start":{"line":89,"column":6},"end":{"line":89,"column":null}},"38":{"start":{"line":93,"column":21},"end":{"line":118,"column":null}},"39":{"start":{"line":94,"column":4},"end":{"line":117,"column":null}},"40":{"start":{"line":95,"column":6},"end":{"line":95,"column":null}},"41":{"start":{"line":96,"column":6},"end":{"line":96,"column":null}},"42":{"start":{"line":99,"column":21},"end":{"line":99,"column":null}},"43":{"start":{"line":100,"column":6},"end":{"line":100,"column":null}},"44":{"start":{"line":101,"column":6},"end":{"line":101,"column":null}},"45":{"start":{"line":103,"column":6},"end":{"line":107,"column":null}},"46":{"start":{"line":109,"column":12},"end":{"line":109,"column":null}},"47":{"start":{"line":110,"column":6},"end":{"line":114,"column":null}},"48":{"start":{"line":116,"column":6},"end":{"line":116,"column":null}},"49":{"start":{"line":120,"column":2},"end":{"line":226,"column":null}},"50":{"start":{"line":164,"column":33},"end":{"line":164,"column":null}},"51":{"start":{"line":182,"column":18},"end":{"line":193,"column":null}},"52":{"start":{"line":184,"column":35},"end":{"line":184,"column":null}}},"fnMap":{"0":{"name":"AutoGeneratorControls","decl":{"start":{"line":17,"column":16},"end":{"line":17,"column":38}},"loc":{"start":{"line":17,"column":100},"end":{"line":228,"column":null}},"line":17},"1":{"name":"(anonymous_1)","decl":{"start":{"line":25,"column":12},"end":{"line":25,"column":18}},"loc":{"start":{"line":25,"column":18},"end":{"line":38,"column":5}},"line":25},"2":{"name":"(anonymous_2)","decl":{"start":{"line":26,"column":24},"end":{"line":26,"column":36}},"loc":{"start":{"line":26,"column":36},"end":{"line":35,"column":null}},"line":26},"3":{"name":"(anonymous_3)","decl":{"start":{"line":41,"column":12},"end":{"line":41,"column":18}},"loc":{"start":{"line":41,"column":18},"end":{"line":55,"column":5}},"line":41},"4":{"name":"(anonymous_4)","decl":{"start":{"line":44,"column":33},"end":{"line":44,"column":45}},"loc":{"start":{"line":44,"column":45},"end":{"line":52,"column":7}},"line":44},"5":{"name":"(anonymous_5)","decl":{"start":{"line":54,"column":11},"end":{"line":54,"column":17}},"loc":{"start":{"line":54,"column":17},"end":{"line":54,"column":null}},"line":54},"6":{"name":"(anonymous_6)","decl":{"start":{"line":57,"column":22},"end":{"line":57,"column":34}},"loc":{"start":{"line":57,"column":34},"end":{"line":91,"column":null}},"line":57},"7":{"name":"(anonymous_7)","decl":{"start":{"line":93,"column":21},"end":{"line":93,"column":33}},"loc":{"start":{"line":93,"column":33},"end":{"line":118,"column":null}},"line":93},"8":{"name":"(anonymous_8)","decl":{"start":{"line":164,"column":26},"end":{"line":164,"column":27}},"loc":{"start":{"line":164,"column":33},"end":{"line":164,"column":null}},"line":164},"9":{"name":"(anonymous_9)","decl":{"start":{"line":181,"column":61},"end":{"line":181,"column":62}},"loc":{"start":{"line":182,"column":18},"end":{"line":193,"column":null}},"line":182},"10":{"name":"(anonymous_10)","decl":{"start":{"line":184,"column":29},"end":{"line":184,"column":35}},"loc":{"start":{"line":184,"column":35},"end":{"line":184,"column":null}},"line":184}},"branchMap":{"0":{"loc":{"start":{"line":42,"column":4},"end":{"line":42,"column":null}},"type":"if","locations":[{"start":{"line":42,"column":4},"end":{"line":42,"column":null}},{"start":{},"end":{}}],"line":42},"1":{"loc":{"start":{"line":58,"column":4},"end":{"line":65,"column":null}},"type":"if","locations":[{"start":{"line":58,"column":4},"end":{"line":65,"column":null}},{"start":{},"end":{}}],"line":58},"2":{"loc":{"start":{"line":58,"column":8},"end":{"line":58,"column":33}},"type":"binary-expr","locations":[{"start":{"line":58,"column":8},"end":{"line":58,"column":20}},{"start":{"line":58,"column":20},"end":{"line":58,"column":33}}],"line":58},"3":{"loc":{"start":{"line":82,"column":12},"end":{"line":82,"column":null}},"type":"cond-expr","locations":[{"start":{"line":82,"column":43},"end":{"line":82,"column":72}},{"start":{"line":82,"column":72},"end":{"line":82,"column":null}}],"line":82},"4":{"loc":{"start":{"line":109,"column":12},"end":{"line":109,"column":null}},"type":"cond-expr","locations":[{"start":{"line":109,"column":43},"end":{"line":109,"column":72}},{"start":{"line":109,"column":72},"end":{"line":109,"column":null}}],"line":109},"5":{"loc":{"start":{"line":125,"column":7},"end":{"line":147,"column":null}},"type":"binary-expr","locations":[{"start":{"line":125,"column":7},"end":{"line":125,"column":null}},{"start":{"line":126,"column":8},"end":{"line":147,"column":null}}],"line":125},"6":{"loc":{"start":{"line":126,"column":51},"end":{"line":126,"column":129}},"type":"cond-expr","locations":[{"start":{"line":126,"column":68},"end":{"line":126,"column":101}},{"start":{"line":126,"column":101},"end":{"line":126,"column":129}}],"line":126},"7":{"loc":{"start":{"line":130,"column":51},"end":{"line":130,"column":98}},"type":"cond-expr","locations":[{"start":{"line":130,"column":68},"end":{"line":130,"column":85}},{"start":{"line":130,"column":85},"end":{"line":130,"column":98}}],"line":130},"8":{"loc":{"start":{"line":132,"column":54},"end":{"line":132,"column":105}},"type":"cond-expr","locations":[{"start":{"line":132,"column":71},"end":{"line":132,"column":90}},{"start":{"line":132,"column":90},"end":{"line":132,"column":105}}],"line":132},"9":{"loc":{"start":{"line":133,"column":17},"end":{"line":133,"column":null}},"type":"cond-expr","locations":[{"start":{"line":133,"column":34},"end":{"line":133,"column":46}},{"start":{"line":133,"column":46},"end":{"line":133,"column":null}}],"line":133},"10":{"loc":{"start":{"line":136,"column":13},"end":{"line":139,"column":null}},"type":"binary-expr","locations":[{"start":{"line":136,"column":13},"end":{"line":136,"column":null}},{"start":{"line":137,"column":14},"end":{"line":139,"column":null}}],"line":136},"11":{"loc":{"start":{"line":142,"column":11},"end":{"line":145,"column":null}},"type":"binary-expr","locations":[{"start":{"line":142,"column":11},"end":{"line":142,"column":null}},{"start":{"line":143,"column":12},"end":{"line":145,"column":null}}],"line":142},"12":{"loc":{"start":{"line":152,"column":9},"end":{"line":217,"column":null}},"type":"cond-expr","locations":[{"start":{"line":153,"column":10},"end":{"line":206,"column":null}},{"start":{"line":208,"column":10},"end":{"line":217,"column":null}}],"line":152},"13":{"loc":{"start":{"line":187,"column":22},"end":{"line":189,"column":null}},"type":"cond-expr","locations":[{"start":{"line":188,"column":26},"end":{"line":188,"column":null}},{"start":{"line":189,"column":26},"end":{"line":189,"column":null}}],"line":187},"14":{"loc":{"start":{"line":204,"column":15},"end":{"line":204,"column":null}},"type":"cond-expr","locations":[{"start":{"line":204,"column":25},"end":{"line":204,"column":41}},{"start":{"line":204,"column":41},"end":{"line":204,"column":null}}],"line":204},"15":{"loc":{"start":{"line":215,"column":15},"end":{"line":215,"column":null}},"type":"cond-expr","locations":[{"start":{"line":215,"column":25},"end":{"line":215,"column":41}},{"start":{"line":215,"column":41},"end":{"line":215,"column":null}}],"line":215},"16":{"loc":{"start":{"line":222,"column":9},"end":{"line":224,"column":null}},"type":"cond-expr","locations":[{"start":{"line":223,"column":12},"end":{"line":223,"column":null}},{"start":{"line":224,"column":12},"end":{"line":224,"column":null}}],"line":222}},"s":{"0":87,"1":87,"2":87,"3":87,"4":87,"5":87,"6":35,"7":35,"8":35,"9":34,"10":34,"11":1,"12":35,"13":87,"14":70,"15":58,"16":12,"17":1,"18":1,"19":1,"20":1,"21":0,"22":12,"23":12,"24":87,"25":6,"26":0,"27":0,"28":6,"29":6,"30":6,"31":5,"32":5,"33":5,"34":6,"35":1,"36":1,"37":6,"38":87,"39":5,"40":5,"41":5,"42":3,"43":3,"44":3,"45":5,"46":1,"47":1,"48":4,"49":87,"50":1,"51":198,"52":1},"f":{"0":87,"1":35,"2":35,"3":70,"4":1,"5":12,"6":6,"7":5,"8":1,"9":198,"10":1},"b":{"0":[58,12],"1":[0,6],"2":[6,6],"3":[0,1],"4":[0,1],"5":[87,44],"6":[21,23],"7":[21,23],"8":[21,23],"9":[21,23],"10":[44,21],"11":[44,21],"12":[66,21],"13":[66,132],"14":[8,58],"15":[5,16],"16":[21,66]},"meta":{"lastBranch":17,"lastFunction":11,"lastStatement":53,"seen":{"f:17:16:17:38":0,"s:18:26:18:Infinity":0,"s:19:28:19:Infinity":1,"s:20:22:20:Infinity":2,"s:21:36:21:Infinity":3,"s:22:26:22:Infinity":4,"s:25:2:38:Infinity":5,"f:25:12:25:18":1,"s:26:24:35:Infinity":6,"f:26:24:26:36":2,"s:27:6:34:Infinity":7,"s:28:23:28:Infinity":8,"s:29:8:29:Infinity":9,"s:30:8:30:Infinity":10,"s:33:8:33:Infinity":11,"s:37:4:37:Infinity":12,"s:41:2:55:Infinity":13,"f:41:12:41:18":3,"b:42:4:42:Infinity:undefined:undefined:undefined:undefined":0,"s:42:4:42:Infinity":14,"s:42:26:42:Infinity":15,"s:44:21:52:Infinity":16,"f:44:33:44:45":4,"s:45:6:51:Infinity":17,"s:46:23:46:Infinity":18,"s:47:8:47:Infinity":19,"s:48:8:48:Infinity":20,"s:50:8:50:Infinity":21,"s:54:4:54:Infinity":22,"f:54:11:54:17":5,"s:54:17:54:Infinity":23,"s:57:22:91:Infinity":24,"f:57:22:57:34":6,"b:58:4:65:Infinity:undefined:undefined:undefined:undefined":1,"s:58:4:65:Infinity":25,"b:58:8:58:20:58:20:58:33":2,"s:59:6:63:Infinity":26,"s:64:6:64:Infinity":27,"s:67:4:90:Infinity":28,"s:68:6:68:Infinity":29,"s:69:6:69:Infinity":30,"s:72:21:72:Infinity":31,"s:73:6:73:Infinity":32,"s:74:6:74:Infinity":33,"s:76:6:80:Infinity":34,"s:82:12:82:Infinity":35,"b:82:43:82:72:82:72:82:Infinity":3,"s:83:6:87:Infinity":36,"s:89:6:89:Infinity":37,"s:93:21:118:Infinity":38,"f:93:21:93:33":7,"s:94:4:117:Infinity":39,"s:95:6:95:Infinity":40,"s:96:6:96:Infinity":41,"s:99:21:99:Infinity":42,"s:100:6:100:Infinity":43,"s:101:6:101:Infinity":44,"s:103:6:107:Infinity":45,"s:109:12:109:Infinity":46,"b:109:43:109:72:109:72:109:Infinity":4,"s:110:6:114:Infinity":47,"s:116:6:116:Infinity":48,"s:120:2:226:Infinity":49,"b:125:7:125:Infinity:126:8:147:Infinity":5,"b:126:68:126:101:126:101:126:129":6,"b:130:68:130:85:130:85:130:98":7,"b:132:71:132:90:132:90:132:105":8,"b:133:34:133:46:133:46:133:Infinity":9,"b:136:13:136:Infinity:137:14:139:Infinity":10,"b:142:11:142:Infinity:143:12:145:Infinity":11,"b:153:10:206:Infinity:208:10:217:Infinity":12,"f:164:26:164:27":8,"s:164:33:164:Infinity":50,"f:181:61:181:62":9,"s:182:18:193:Infinity":51,"f:184:29:184:35":10,"s:184:35:184:Infinity":52,"b:188:26:188:Infinity:189:26:189:Infinity":13,"b:204:25:204:41:204:41:204:Infinity":14,"b:215:25:215:41:215:41:215:Infinity":15,"b:223:12:223:Infinity:224:12:224:Infinity":16}}}
,"/home/ludvik/vrsky/ui/src/components/TestData/MessageLog.tsx": {"path":"/home/ludvik/vrsky/ui/src/components/TestData/MessageLog.tsx","statementMap":{"0":{"start":{"line":23,"column":36},"end":{"line":23,"column":null}},"1":{"start":{"line":24,"column":44},"end":{"line":24,"column":null}},"2":{"start":{"line":26,"column":21},"end":{"line":26,"column":null}},"3":{"start":{"line":27,"column":8},"end":{"line":27,"column":null}},"4":{"start":{"line":28,"column":19},"end":{"line":28,"column":null}},"5":{"start":{"line":29,"column":26},"end":{"line":29,"column":null}},"6":{"start":{"line":31,"column":47},"end":{"line":35,"column":null}},"7":{"start":{"line":37,"column":46},"end":{"line":41,"column":null}},"8":{"start":{"line":43,"column":2},"end":{"line":49,"column":null}},"9":{"start":{"line":44,"column":4},"end":{"line":47,"column":null}},"10":{"start":{"line":51,"column":2},"end":{"line":193,"column":null}},"11":{"start":{"line":62,"column":12},"end":{"line":78,"column":null}},"12":{"start":{"line":64,"column":29},"end":{"line":64,"column":null}},"13":{"start":{"line":86,"column":29},"end":{"line":86,"column":null}},"14":{"start":{"line":96,"column":29},"end":{"line":96,"column":null}},"15":{"start":{"line":114,"column":31},"end":{"line":114,"column":null}},"16":{"start":{"line":184,"column":31},"end":{"line":184,"column":null}}},"fnMap":{"0":{"name":"MessageLog","decl":{"start":{"line":22,"column":16},"end":{"line":22,"column":27}},"loc":{"start":{"line":22,"column":73},"end":{"line":195,"column":null}},"line":22},"1":{"name":"(anonymous_1)","decl":{"start":{"line":61,"column":31},"end":{"line":61,"column":32}},"loc":{"start":{"line":62,"column":12},"end":{"line":78,"column":null}},"line":62},"2":{"name":"(anonymous_2)","decl":{"start":{"line":64,"column":23},"end":{"line":64,"column":29}},"loc":{"start":{"line":64,"column":29},"end":{"line":64,"column":null}},"line":64},"3":{"name":"(anonymous_3)","decl":{"start":{"line":86,"column":23},"end":{"line":86,"column":29}},"loc":{"start":{"line":86,"column":29},"end":{"line":86,"column":null}},"line":86},"4":{"name":"(anonymous_4)","decl":{"start":{"line":96,"column":23},"end":{"line":96,"column":29}},"loc":{"start":{"line":96,"column":29},"end":{"line":96,"column":null}},"line":96},"5":{"name":"(anonymous_5)","decl":{"start":{"line":114,"column":25},"end":{"line":114,"column":31}},"loc":{"start":{"line":114,"column":31},"end":{"line":114,"column":null}},"line":114},"6":{"name":"(anonymous_6)","decl":{"start":{"line":184,"column":25},"end":{"line":184,"column":31}},"loc":{"start":{"line":184,"column":31},"end":{"line":184,"column":null}},"line":184}},"branchMap":{"0":{"loc":{"start":{"line":22,"column":39},"end":{"line":22,"column":53}},"type":"default-arg","locations":[{"start":{"line":22,"column":50},"end":{"line":22,"column":53}}],"line":22},"1":{"loc":{"start":{"line":43,"column":2},"end":{"line":49,"column":null}},"type":"if","locations":[{"start":{"line":43,"column":2},"end":{"line":49,"column":null}},{"start":{},"end":{}}],"line":43},"2":{"loc":{"start":{"line":83,"column":9},"end":{"line":102,"column":null}},"type":"binary-expr","locations":[{"start":{"line":83,"column":9},"end":{"line":83,"column":null}},{"start":{"line":84,"column":10},"end":{"line":102,"column":null}}],"line":83},"3":{"loc":{"start":{"line":107,"column":7},"end":{"line":191,"column":null}},"type":"binary-expr","locations":[{"start":{"line":107,"column":7},"end":{"line":107,"column":null}},{"start":{"line":108,"column":8},"end":{"line":191,"column":null}}],"line":107},"4":{"loc":{"start":{"line":149,"column":21},"end":{"line":151,"column":null}},"type":"cond-expr","locations":[{"start":{"line":150,"column":24},"end":{"line":150,"column":null}},{"start":{"line":151,"column":24},"end":{"line":151,"column":null}}],"line":149},"5":{"loc":{"start":{"line":157,"column":15},"end":{"line":165,"column":null}},"type":"binary-expr","locations":[{"start":{"line":157,"column":15},"end":{"line":157,"column":null}},{"start":{"line":158,"column":16},"end":{"line":165,"column":null}}],"line":157},"6":{"loc":{"start":{"line":169,"column":15},"end":{"line":177,"column":null}},"type":"binary-expr","locations":[{"start":{"line":169,"column":15},"end":{"line":169,"column":null}},{"start":{"line":170,"column":16},"end":{"line":177,"column":null}}],"line":169}},"s":{"0":51,"1":51,"2":51,"3":51,"4":51,"5":51,"6":51,"7":51,"8":51,"9":2,"10":49,"11":237,"12":12,"13":1,"14":6,"15":1,"16":1},"f":{"0":51,"1":237,"2":12,"3":1,"4":6,"5":1,"6":1},"b":{"0":[51],"1":[2,49],"2":[49,15],"3":[51,12],"4":[12,0],"5":[12,1],"6":[12,1]},"meta":{"lastBranch":7,"lastFunction":7,"lastStatement":17,"seen":{"f:22:16:22:27":0,"b:22:50:22:53":0,"s:23:36:23:Infinity":0,"s:24:44:24:Infinity":1,"s:26:21:26:Infinity":2,"s:27:8:27:Infinity":3,"s:28:19:28:Infinity":4,"s:29:26:29:Infinity":5,"s:31:47:35:Infinity":6,"s:37:46:41:Infinity":7,"b:43:2:49:Infinity:undefined:undefined:undefined:undefined":1,"s:43:2:49:Infinity":8,"s:44:4:47:Infinity":9,"s:51:2:193:Infinity":10,"f:61:31:61:32":1,"s:62:12:78:Infinity":11,"f:64:23:64:29":2,"s:64:29:64:Infinity":12,"b:83:9:83:Infinity:84:10:102:Infinity":2,"f:86:23:86:29":3,"s:86:29:86:Infinity":13,"f:96:23:96:29":4,"s:96:29:96:Infinity":14,"b:107:7:107:Infinity:108:8:191:Infinity":3,"f:114:25:114:31":5,"s:114:31:114:Infinity":15,"b:150:24:150:Infinity:151:24:151:Infinity":4,"b:157:15:157:Infinity:158:16:165:Infinity":5,"b:169:15:169:Infinity:170:16:177:Infinity":6,"f:184:25:184:31":6,"s:184:31:184:Infinity":16}}}
,"/home/ludvik/vrsky/ui/src/components/TestData/TestMessageForm.tsx": {"path":"/home/ludvik/vrsky/ui/src/components/TestData/TestMessageForm.tsx","statementMap":{"0":{"start":{"line":17,"column":28},"end":{"line":17,"column":null}},"1":{"start":{"line":18,"column":28},"end":{"line":18,"column":null}},"2":{"start":{"line":19,"column":26},"end":{"line":19,"column":null}},"3":{"start":{"line":21,"column":28},"end":{"line":51,"column":null}},"4":{"start":{"line":22,"column":4},"end":{"line":29,"column":null}},"5":{"start":{"line":23,"column":6},"end":{"line":27,"column":null}},"6":{"start":{"line":28,"column":6},"end":{"line":28,"column":null}},"7":{"start":{"line":31,"column":4},"end":{"line":50,"column":null}},"8":{"start":{"line":32,"column":6},"end":{"line":32,"column":null}},"9":{"start":{"line":33,"column":6},"end":{"line":33,"column":null}},"10":{"start":{"line":34,"column":6},"end":{"line":38,"column":null}},"11":{"start":{"line":39,"column":6},"end":{"line":39,"column":null}},"12":{"start":{"line":40,"column":6},"end":{"line":40,"column":null}},"13":{"start":{"line":42,"column":12},"end":{"line":42,"column":null}},"14":{"start":{"line":43,"column":6},"end":{"line":47,"column":null}},"15":{"start":{"line":49,"column":6},"end":{"line":49,"column":null}},"16":{"start":{"line":53,"column":2},"end":{"line":88,"column":null}},"17":{"start":{"line":60,"column":27},"end":{"line":60,"column":null}},"18":{"start":{"line":76,"column":27},"end":{"line":76,"column":null}}},"fnMap":{"0":{"name":"TestMessageForm","decl":{"start":{"line":16,"column":16},"end":{"line":16,"column":32}},"loc":{"start":{"line":16,"column":87},"end":{"line":90,"column":null}},"line":16},"1":{"name":"(anonymous_1)","decl":{"start":{"line":21,"column":28},"end":{"line":21,"column":40}},"loc":{"start":{"line":21,"column":40},"end":{"line":51,"column":null}},"line":21},"2":{"name":"(anonymous_2)","decl":{"start":{"line":60,"column":20},"end":{"line":60,"column":21}},"loc":{"start":{"line":60,"column":27},"end":{"line":60,"column":null}},"line":60},"3":{"name":"(anonymous_3)","decl":{"start":{"line":76,"column":21},"end":{"line":76,"column":27}},"loc":{"start":{"line":76,"column":27},"end":{"line":76,"column":null}},"line":76}},"branchMap":{"0":{"loc":{"start":{"line":22,"column":4},"end":{"line":29,"column":null}},"type":"if","locations":[{"start":{"line":22,"column":4},"end":{"line":29,"column":null}},{"start":{},"end":{}}],"line":22},"1":{"loc":{"start":{"line":42,"column":12},"end":{"line":42,"column":null}},"type":"cond-expr","locations":[{"start":{"line":42,"column":43},"end":{"line":42,"column":72}},{"start":{"line":42,"column":72},"end":{"line":42,"column":null}}],"line":42},"2":{"loc":{"start":{"line":70,"column":22},"end":{"line":70,"column":null}},"type":"binary-expr","locations":[{"start":{"line":70,"column":22},"end":{"line":70,"column":33}},{"start":{"line":70,"column":33},"end":{"line":70,"column":null}}],"line":70},"3":{"loc":{"start":{"line":73,"column":13},"end":{"line":73,"column":null}},"type":"cond-expr","locations":[{"start":{"line":73,"column":23},"end":{"line":73,"column":38}},{"start":{"line":73,"column":38},"end":{"line":73,"column":null}}],"line":73}},"s":{"0":52,"1":52,"2":52,"3":52,"4":13,"5":0,"6":0,"7":13,"8":13,"9":13,"10":8,"11":8,"12":8,"13":4,"14":4,"15":12,"16":52,"17":6,"18":1},"f":{"0":52,"1":13,"2":6,"3":1},"b":{"0":[0,13],"1":[0,4],"2":[52,39],"3":[13,39]},"meta":{"lastBranch":4,"lastFunction":4,"lastStatement":19,"seen":{"f:16:16:16:32":0,"s:17:28:17:Infinity":0,"s:18:28:18:Infinity":1,"s:19:26:19:Infinity":2,"s:21:28:51:Infinity":3,"f:21:28:21:40":1,"b:22:4:29:Infinity:undefined:undefined:undefined:undefined":0,"s:22:4:29:Infinity":4,"s:23:6:27:Infinity":5,"s:28:6:28:Infinity":6,"s:31:4:50:Infinity":7,"s:32:6:32:Infinity":8,"s:33:6:33:Infinity":9,"s:34:6:38:Infinity":10,"s:39:6:39:Infinity":11,"s:40:6:40:Infinity":12,"s:42:12:42:Infinity":13,"b:42:43:42:72:42:72:42:Infinity":1,"s:43:6:47:Infinity":14,"s:49:6:49:Infinity":15,"s:53:2:88:Infinity":16,"f:60:20:60:21":2,"s:60:27:60:Infinity":17,"b:70:22:70:33:70:33:70:Infinity":2,"b:73:23:73:38:73:38:73:Infinity":3,"f:76:21:76:27":3,"s:76:27:76:Infinity":18}}}
,"/home/ludvik/vrsky/ui/src/hooks/useMetrics.ts": {"path":"/home/ludvik/vrsky/ui/src/hooks/useMetrics.ts","statementMap":{"0":{"start":{"line":25,"column":38},"end":{"line":25,"column":null}},"1":{"start":{"line":26,"column":50},"end":{"line":26,"column":null}},"2":{"start":{"line":27,"column":8},"end":{"line":27,"column":null}},"3":{"start":{"line":29,"column":2},"end":{"line":82,"column":null}},"4":{"start":{"line":30,"column":4},"end":{"line":32,"column":null}},"5":{"start":{"line":31,"column":6},"end":{"line":31,"column":null}},"6":{"start":{"line":34,"column":4},"end":{"line":34,"column":null}},"7":{"start":{"line":37,"column":32},"end":{"line":65,"column":null}},"8":{"start":{"line":38,"column":6},"end":{"line":64,"column":null}},"9":{"start":{"line":68,"column":24},"end":{"line":72,"column":null}},"10":{"start":{"line":69,"column":6},"end":{"line":71,"column":null}},"11":{"start":{"line":70,"column":8},"end":{"line":70,"column":null}},"12":{"start":{"line":75,"column":4},"end":{"line":75,"column":null}},"13":{"start":{"line":78,"column":4},"end":{"line":81,"column":null}},"14":{"start":{"line":79,"column":6},"end":{"line":79,"column":null}},"15":{"start":{"line":80,"column":6},"end":{"line":80,"column":null}},"16":{"start":{"line":85,"column":18},"end":{"line":85,"column":null}},"17":{"start":{"line":87,"column":2},"end":{"line":87,"column":null}}},"fnMap":{"0":{"name":"useMetrics","decl":{"start":{"line":24,"column":16},"end":{"line":24,"column":27}},"loc":{"start":{"line":24,"column":82},"end":{"line":88,"column":null}},"line":24},"1":{"name":"(anonymous_1)","decl":{"start":{"line":29,"column":12},"end":{"line":29,"column":18}},"loc":{"start":{"line":29,"column":18},"end":{"line":82,"column":5}},"line":29},"2":{"name":"(anonymous_2)","decl":{"start":{"line":37,"column":32},"end":{"line":37,"column":33}},"loc":{"start":{"line":37,"column":69},"end":{"line":65,"column":null}},"line":37},"3":{"name":"(anonymous_3)","decl":{"start":{"line":68,"column":24},"end":{"line":68,"column":25}},"loc":{"start":{"line":68,"column":42},"end":{"line":72,"column":null}},"line":68},"4":{"name":"(anonymous_4)","decl":{"start":{"line":78,"column":11},"end":{"line":78,"column":17}},"loc":{"start":{"line":78,"column":17},"end":{"line":81,"column":null}},"line":78}},"branchMap":{"0":{"loc":{"start":{"line":24,"column":49},"end":{"line":24,"column":82}},"type":"default-arg","locations":[{"start":{"line":24,"column":78},"end":{"line":24,"column":82}}],"line":24},"1":{"loc":{"start":{"line":25,"column":10},"end":{"line":25,"column":26}},"type":"default-arg","locations":[{"start":{"line":25,"column":20},"end":{"line":25,"column":26}}],"line":25},"2":{"loc":{"start":{"line":30,"column":4},"end":{"line":32,"column":null}},"type":"if","locations":[{"start":{"line":30,"column":4},"end":{"line":32,"column":null}},{"start":{},"end":{}}],"line":30},"3":{"loc":{"start":{"line":30,"column":8},"end":{"line":30,"column":62}},"type":"binary-expr","locations":[{"start":{"line":30,"column":8},"end":{"line":30,"column":20}},{"start":{"line":30,"column":20},"end":{"line":30,"column":37}},{"start":{"line":30,"column":37},"end":{"line":30,"column":62}}],"line":30},"4":{"loc":{"start":{"line":47,"column":27},"end":{"line":47,"column":null}},"type":"binary-expr","locations":[{"start":{"line":47,"column":27},"end":{"line":47,"column":74}},{"start":{"line":47,"column":74},"end":{"line":47,"column":null}}],"line":47},"5":{"loc":{"start":{"line":69,"column":6},"end":{"line":71,"column":null}},"type":"if","locations":[{"start":{"line":69,"column":6},"end":{"line":71,"column":null}},{"start":{},"end":{}}],"line":69}},"s":{"0":35,"1":35,"2":35,"3":35,"4":32,"5":6,"6":26,"7":26,"8":6,"9":26,"10":3,"11":2,"12":26,"13":26,"14":26,"15":26,"16":35,"17":35},"f":{"0":35,"1":32,"2":6,"3":3,"4":26},"b":{"0":[35],"1":[35],"2":[6,26],"3":[32,29,26],"4":[6,5],"5":[2,1]},"meta":{"lastBranch":6,"lastFunction":5,"lastStatement":18,"seen":{"f:24:16:24:27":0,"b:24:78:24:82":0,"s:25:38:25:Infinity":0,"b:25:20:25:26":1,"s:26:50:26:Infinity":1,"s:27:8:27:Infinity":2,"s:29:2:82:Infinity":3,"f:29:12:29:18":1,"b:30:4:32:Infinity:undefined:undefined:undefined:undefined":2,"s:30:4:32:Infinity":4,"b:30:8:30:20:30:20:30:37:30:37:30:62":3,"s:31:6:31:Infinity":5,"s:34:4:34:Infinity":6,"s:37:32:65:Infinity":7,"f:37:32:37:33":2,"s:38:6:64:Infinity":8,"b:47:27:47:74:47:74:47:Infinity":4,"s:68:24:72:Infinity":9,"f:68:24:68:25":3,"b:69:6:71:Infinity:undefined:undefined:undefined:undefined":5,"s:69:6:71:Infinity":10,"s:70:8:70:Infinity":11,"s:75:4:75:Infinity":12,"s:78:4:81:Infinity":13,"f:78:11:78:17":4,"s:79:6:79:Infinity":14,"s:80:6:80:Infinity":15,"s:85:18:85:Infinity":16,"s:87:2:87:Infinity":17}}}
,"/home/ludvik/vrsky/ui/src/services/connectionService.ts": {"path":"/home/ludvik/vrsky/ui/src/services/connectionService.ts","statementMap":{"0":{"start":{"line":22,"column":19},"end":{"line":25,"column":null}},"1":{"start":{"line":26,"column":2},"end":{"line":26,"column":null}},"2":{"start":{"line":33,"column":19},"end":{"line":35,"column":null}},"3":{"start":{"line":36,"column":2},"end":{"line":36,"column":null}},"4":{"start":{"line":46,"column":17},"end":{"line":46,"column":null}},"5":{"start":{"line":47,"column":2},"end":{"line":47,"column":null}},"6":{"start":{"line":47,"column":26},"end":{"line":47,"column":null}},"7":{"start":{"line":48,"column":2},"end":{"line":48,"column":null}},"8":{"start":{"line":48,"column":30},"end":{"line":48,"column":null}},"9":{"start":{"line":50,"column":22},"end":{"line":50,"column":null}},"10":{"start":{"line":51,"column":14},"end":{"line":51,"column":null}},"11":{"start":{"line":53,"column":19},"end":{"line":53,"column":null}},"12":{"start":{"line":54,"column":2},"end":{"line":54,"column":null}},"13":{"start":{"line":64,"column":19},"end":{"line":67,"column":null}},"14":{"start":{"line":68,"column":2},"end":{"line":68,"column":null}},"15":{"start":{"line":75,"column":2},"end":{"line":75,"column":null}},"16":{"start":{"line":82,"column":2},"end":{"line":85,"column":null}},"17":{"start":{"line":87,"column":2},"end":{"line":87,"column":null}},"18":{"start":{"line":94,"column":2},"end":{"line":97,"column":null}},"19":{"start":{"line":99,"column":2},"end":{"line":99,"column":null}},"20":{"start":{"line":102,"column":33},"end":{"line":110,"column":null}}},"fnMap":{"0":{"name":"createConnection","decl":{"start":{"line":21,"column":22},"end":{"line":21,"column":39}},"loc":{"start":{"line":21,"column":75},"end":{"line":27,"column":null}},"line":21},"1":{"name":"getConnection","decl":{"start":{"line":32,"column":22},"end":{"line":32,"column":36}},"loc":{"start":{"line":32,"column":69},"end":{"line":37,"column":null}},"line":32},"2":{"name":"listConnections","decl":{"start":{"line":42,"column":22},"end":{"line":42,"column":null}},"loc":{"start":{"line":45,"column":36},"end":{"line":55,"column":null}},"line":45},"3":{"name":"updateConnection","decl":{"start":{"line":60,"column":22},"end":{"line":60,"column":null}},"loc":{"start":{"line":63,"column":23},"end":{"line":69,"column":null}},"line":63},"4":{"name":"deleteConnection","decl":{"start":{"line":74,"column":22},"end":{"line":74,"column":39}},"loc":{"start":{"line":74,"column":66},"end":{"line":76,"column":null}},"line":74},"5":{"name":"startConnection","decl":{"start":{"line":81,"column":22},"end":{"line":81,"column":38}},"loc":{"start":{"line":81,"column":71},"end":{"line":88,"column":null}},"line":81},"6":{"name":"stopConnection","decl":{"start":{"line":93,"column":22},"end":{"line":93,"column":37}},"loc":{"start":{"line":93,"column":70},"end":{"line":100,"column":null}},"line":93}},"branchMap":{"0":{"loc":{"start":{"line":47,"column":2},"end":{"line":47,"column":null}},"type":"if","locations":[{"start":{"line":47,"column":2},"end":{"line":47,"column":null}},{"start":{},"end":{}}],"line":47},"1":{"loc":{"start":{"line":48,"column":2},"end":{"line":48,"column":null}},"type":"if","locations":[{"start":{"line":48,"column":2},"end":{"line":48,"column":null}},{"start":{},"end":{}}],"line":48},"2":{"loc":{"start":{"line":51,"column":14},"end":{"line":51,"column":null}},"type":"cond-expr","locations":[{"start":{"line":51,"column":28},"end":{"line":51,"column":67}},{"start":{"line":51,"column":67},"end":{"line":51,"column":null}}],"line":51}},"s":{"0":1,"1":1,"2":4,"3":3,"4":2,"5":2,"6":1,"7":2,"8":1,"9":2,"10":2,"11":2,"12":2,"13":1,"14":1,"15":1,"16":1,"17":1,"18":1,"19":1,"20":1},"f":{"0":1,"1":4,"2":2,"3":1,"4":1,"5":1,"6":1},"b":{"0":[1,1],"1":[1,1],"2":[1,1]},"meta":{"lastBranch":3,"lastFunction":7,"lastStatement":21,"seen":{"f:21:22:21:39":0,"s:22:19:25:Infinity":0,"s:26:2:26:Infinity":1,"f:32:22:32:36":1,"s:33:19:35:Infinity":2,"s:36:2:36:Infinity":3,"f:42:22:42:Infinity":2,"s:46:17:46:Infinity":4,"b:47:2:47:Infinity:undefined:undefined:undefined:undefined":0,"s:47:2:47:Infinity":5,"s:47:26:47:Infinity":6,"b:48:2:48:Infinity:undefined:undefined:undefined:undefined":1,"s:48:2:48:Infinity":7,"s:48:30:48:Infinity":8,"s:50:22:50:Infinity":9,"s:51:14:51:Infinity":10,"b:51:28:51:67:51:67:51:Infinity":2,"s:53:19:53:Infinity":11,"s:54:2:54:Infinity":12,"f:60:22:60:Infinity":3,"s:64:19:67:Infinity":13,"s:68:2:68:Infinity":14,"f:74:22:74:39":4,"s:75:2:75:Infinity":15,"f:81:22:81:38":5,"s:82:2:85:Infinity":16,"s:87:2:87:Infinity":17,"f:93:22:93:37":6,"s:94:2:97:Infinity":18,"s:99:2:99:Infinity":19,"s:102:33:110:Infinity":20}}}
,"/home/ludvik/vrsky/ui/src/services/testDataService.ts": {"path":"/home/ludvik/vrsky/ui/src/services/testDataService.ts","statementMap":{"0":{"start":{"line":18,"column":2},"end":{"line":21,"column":null}},"1":{"start":{"line":32,"column":2},"end":{"line":36,"column":null}},"2":{"start":{"line":43,"column":2},"end":{"line":45,"column":null}},"3":{"start":{"line":54,"column":19},"end":{"line":56,"column":null}},"4":{"start":{"line":57,"column":2},"end":{"line":57,"column":null}},"5":{"start":{"line":60,"column":31},"end":{"line":65,"column":null}}},"fnMap":{"0":{"name":"sendTestMessage","decl":{"start":{"line":17,"column":22},"end":{"line":17,"column":38}},"loc":{"start":{"line":17,"column":92},"end":{"line":22,"column":null}},"line":17},"1":{"name":"startAutoGenerator","decl":{"start":{"line":27,"column":22},"end":{"line":27,"column":null}},"loc":{"start":{"line":31,"column":17},"end":{"line":37,"column":null}},"line":31},"2":{"name":"stopAutoGenerator","decl":{"start":{"line":42,"column":22},"end":{"line":42,"column":40}},"loc":{"start":{"line":42,"column":77},"end":{"line":46,"column":null}},"line":42},"3":{"name":"getAutoGeneratorStatus","decl":{"start":{"line":51,"column":22},"end":{"line":51,"column":null}},"loc":{"start":{"line":53,"column":40},"end":{"line":58,"column":null}},"line":53}},"branchMap":{"0":{"loc":{"start":{"line":29,"column":2},"end":{"line":29,"column":null}},"type":"default-arg","locations":[{"start":{"line":29,"column":17},"end":{"line":29,"column":null}}],"line":29},"1":{"loc":{"start":{"line":30,"column":2},"end":{"line":30,"column":null}},"type":"default-arg","locations":[{"start":{"line":30,"column":46},"end":{"line":30,"column":null}}],"line":30}},"s":{"0":3,"1":3,"2":1,"3":1,"4":1,"5":1},"f":{"0":3,"1":3,"2":1,"3":1},"b":{"0":[3],"1":[3]},"meta":{"lastBranch":2,"lastFunction":4,"lastStatement":6,"seen":{"f:17:22:17:38":0,"s:18:2:21:Infinity":0,"f:27:22:27:Infinity":1,"b:29:17:29:Infinity":0,"b:30:46:30:Infinity":1,"s:32:2:36:Infinity":1,"f:42:22:42:40":2,"s:43:2:45:Infinity":2,"f:51:22:51:Infinity":3,"s:54:19:56:Infinity":3,"s:57:2:57:Infinity":4,"s:60:31:65:Infinity":5}}}
,"/home/ludvik/vrsky/ui/src/store/connectionsStore.ts": {"path":"/home/ludvik/vrsky/ui/src/store/connectionsStore.ts","statementMap":{"0":{"start":{"line":32,"column":13},"end":{"line":96,"column":null}},"1":{"start":{"line":32,"column":75},"end":{"line":96,"column":2}},"2":{"start":{"line":38,"column":35},"end":{"line":38,"column":null}},"3":{"start":{"line":41,"column":4},"end":{"line":43,"column":null}},"4":{"start":{"line":41,"column":20},"end":{"line":43,"column":6}},"5":{"start":{"line":46,"column":4},"end":{"line":54,"column":null}},"6":{"start":{"line":46,"column":20},"end":{"line":54,"column":6}},"7":{"start":{"line":48,"column":8},"end":{"line":48,"column":null}},"8":{"start":{"line":57,"column":4},"end":{"line":61,"column":null}},"9":{"start":{"line":57,"column":20},"end":{"line":61,"column":6}},"10":{"start":{"line":58,"column":51},"end":{"line":58,"column":62}},"11":{"start":{"line":63,"column":41},"end":{"line":63,"column":null}},"12":{"start":{"line":65,"column":27},"end":{"line":65,"column":null}},"13":{"start":{"line":67,"column":23},"end":{"line":67,"column":null}},"14":{"start":{"line":70,"column":4},"end":{"line":75,"column":null}},"15":{"start":{"line":78,"column":28},"end":{"line":78,"column":null}},"16":{"start":{"line":79,"column":4},"end":{"line":79,"column":null}},"17":{"start":{"line":79,"column":35},"end":{"line":79,"column":46}},"18":{"start":{"line":83,"column":28},"end":{"line":83,"column":null}},"19":{"start":{"line":84,"column":4},"end":{"line":84,"column":null}},"20":{"start":{"line":84,"column":37},"end":{"line":84,"column":59}},"21":{"start":{"line":88,"column":28},"end":{"line":88,"column":null}},"22":{"start":{"line":89,"column":4},"end":{"line":89,"column":null}},"23":{"start":{"line":89,"column":37},"end":{"line":89,"column":59}},"24":{"start":{"line":93,"column":28},"end":{"line":93,"column":null}},"25":{"start":{"line":94,"column":4},"end":{"line":94,"column":null}},"26":{"start":{"line":94,"column":37},"end":{"line":94,"column":57}}},"fnMap":{"0":{"name":"(anonymous_0)","decl":{"start":{"line":32,"column":60},"end":{"line":32,"column":61}},"loc":{"start":{"line":32,"column":75},"end":{"line":96,"column":2}},"line":32},"1":{"name":"(anonymous_1)","decl":{"start":{"line":38,"column":18},"end":{"line":38,"column":19}},"loc":{"start":{"line":38,"column":35},"end":{"line":38,"column":null}},"line":38},"2":{"name":"(anonymous_2)","decl":{"start":{"line":40,"column":17},"end":{"line":40,"column":18}},"loc":{"start":{"line":41,"column":4},"end":{"line":43,"column":null}},"line":41},"3":{"name":"(anonymous_3)","decl":{"start":{"line":41,"column":8},"end":{"line":41,"column":9}},"loc":{"start":{"line":41,"column":20},"end":{"line":43,"column":6}},"line":41},"4":{"name":"(anonymous_4)","decl":{"start":{"line":45,"column":20},"end":{"line":45,"column":21}},"loc":{"start":{"line":46,"column":4},"end":{"line":54,"column":null}},"line":46},"5":{"name":"(anonymous_5)","decl":{"start":{"line":46,"column":8},"end":{"line":46,"column":9}},"loc":{"start":{"line":46,"column":20},"end":{"line":54,"column":6}},"line":46},"6":{"name":"(anonymous_6)","decl":{"start":{"line":47,"column":41},"end":{"line":47,"column":42}},"loc":{"start":{"line":48,"column":8},"end":{"line":48,"column":null}},"line":48},"7":{"name":"(anonymous_7)","decl":{"start":{"line":56,"column":20},"end":{"line":56,"column":21}},"loc":{"start":{"line":57,"column":4},"end":{"line":61,"column":null}},"line":57},"8":{"name":"(anonymous_8)","decl":{"start":{"line":57,"column":8},"end":{"line":57,"column":9}},"loc":{"start":{"line":57,"column":20},"end":{"line":61,"column":6}},"line":57},"9":{"name":"(anonymous_9)","decl":{"start":{"line":58,"column":44},"end":{"line":58,"column":45}},"loc":{"start":{"line":58,"column":51},"end":{"line":58,"column":62}},"line":58},"10":{"name":"(anonymous_10)","decl":{"start":{"line":63,"column":25},"end":{"line":63,"column":26}},"loc":{"start":{"line":63,"column":41},"end":{"line":63,"column":null}},"line":63},"11":{"name":"(anonymous_11)","decl":{"start":{"line":65,"column":14},"end":{"line":65,"column":15}},"loc":{"start":{"line":65,"column":27},"end":{"line":65,"column":null}},"line":65},"12":{"name":"(anonymous_12)","decl":{"start":{"line":67,"column":12},"end":{"line":67,"column":13}},"loc":{"start":{"line":67,"column":23},"end":{"line":67,"column":null}},"line":67},"13":{"name":"(anonymous_13)","decl":{"start":{"line":69,"column":9},"end":{"line":69,"column":null}},"loc":{"start":{"line":70,"column":4},"end":{"line":75,"column":null}},"line":70},"14":{"name":"(anonymous_14)","decl":{"start":{"line":77,"column":21},"end":{"line":77,"column":22}},"loc":{"start":{"line":77,"column":29},"end":{"line":80,"column":null}},"line":77},"15":{"name":"(anonymous_15)","decl":{"start":{"line":79,"column":28},"end":{"line":79,"column":29}},"loc":{"start":{"line":79,"column":35},"end":{"line":79,"column":46}},"line":79},"16":{"name":"(anonymous_16)","decl":{"start":{"line":82,"column":25},"end":{"line":82,"column":31}},"loc":{"start":{"line":82,"column":31},"end":{"line":85,"column":null}},"line":82},"17":{"name":"(anonymous_17)","decl":{"start":{"line":84,"column":30},"end":{"line":84,"column":31}},"loc":{"start":{"line":84,"column":37},"end":{"line":84,"column":59}},"line":84},"18":{"name":"(anonymous_18)","decl":{"start":{"line":87,"column":25},"end":{"line":87,"column":31}},"loc":{"start":{"line":87,"column":31},"end":{"line":90,"column":null}},"line":87},"19":{"name":"(anonymous_19)","decl":{"start":{"line":89,"column":30},"end":{"line":89,"column":31}},"loc":{"start":{"line":89,"column":37},"end":{"line":89,"column":59}},"line":89},"20":{"name":"(anonymous_20)","decl":{"start":{"line":92,"column":23},"end":{"line":92,"column":29}},"loc":{"start":{"line":92,"column":29},"end":{"line":95,"column":null}},"line":92},"21":{"name":"(anonymous_21)","decl":{"start":{"line":94,"column":30},"end":{"line":94,"column":31}},"loc":{"start":{"line":94,"column":37},"end":{"line":94,"column":57}},"line":94}},"branchMap":{"0":{"loc":{"start":{"line":48,"column":8},"end":{"line":48,"column":null}},"type":"cond-expr","locations":[{"start":{"line":48,"column":33},"end":{"line":48,"column":46}},{"start":{"line":48,"column":46},"end":{"line":48,"column":null}}],"line":48},"1":{"loc":{"start":{"line":51,"column":8},"end":{"line":53,"column":null}},"type":"cond-expr","locations":[{"start":{"line":52,"column":12},"end":{"line":52,"column":null}},{"start":{"line":53,"column":12},"end":{"line":53,"column":null}}],"line":51},"2":{"loc":{"start":{"line":60,"column":8},"end":{"line":60,"column":null}},"type":"cond-expr","locations":[{"start":{"line":60,"column":46},"end":{"line":60,"column":53}},{"start":{"line":60,"column":53},"end":{"line":60,"column":null}}],"line":60}},"s":{"0":1,"1":1,"2":1,"3":12,"4":12,"5":1,"6":1,"7":1,"8":2,"9":2,"10":2,"11":4,"12":2,"13":2,"14":1,"15":3,"16":3,"17":2,"18":1,"19":1,"20":2,"21":1,"22":1,"23":2,"24":1,"25":1,"26":2},"f":{"0":1,"1":1,"2":12,"3":12,"4":1,"5":1,"6":1,"7":2,"8":2,"9":2,"10":4,"11":2,"12":2,"13":1,"14":3,"15":2,"16":1,"17":2,"18":1,"19":2,"20":1,"21":2},"b":{"0":[1,0],"1":[0,1],"2":[1,1]},"meta":{"lastBranch":3,"lastFunction":22,"lastStatement":27,"seen":{"s:32:13:96:Infinity":0,"f:32:60:32:61":0,"s:32:75:96:2":1,"f:38:18:38:19":1,"s:38:35:38:Infinity":2,"f:40:17:40:18":2,"s:41:4:43:Infinity":3,"f:41:8:41:9":3,"s:41:20:43:6":4,"f:45:20:45:21":4,"s:46:4:54:Infinity":5,"f:46:8:46:9":5,"s:46:20:54:6":6,"f:47:41:47:42":6,"s:48:8:48:Infinity":7,"b:48:33:48:46:48:46:48:Infinity":0,"b:52:12:52:Infinity:53:12:53:Infinity":1,"f:56:20:56:21":7,"s:57:4:61:Infinity":8,"f:57:8:57:9":8,"s:57:20:61:6":9,"f:58:44:58:45":9,"s:58:51:58:62":10,"b:60:46:60:53:60:53:60:Infinity":2,"f:63:25:63:26":10,"s:63:41:63:Infinity":11,"f:65:14:65:15":11,"s:65:27:65:Infinity":12,"f:67:12:67:13":12,"s:67:23:67:Infinity":13,"f:69:9:69:Infinity":13,"s:70:4:75:Infinity":14,"f:77:21:77:22":14,"s:78:28:78:Infinity":15,"s:79:4:79:Infinity":16,"f:79:28:79:29":15,"s:79:35:79:46":17,"f:82:25:82:31":16,"s:83:28:83:Infinity":18,"s:84:4:84:Infinity":19,"f:84:30:84:31":17,"s:84:37:84:59":20,"f:87:25:87:31":18,"s:88:28:88:Infinity":21,"s:89:4:89:Infinity":22,"f:89:30:89:31":19,"s:89:37:89:59":23,"f:92:23:92:29":20,"s:93:28:93:Infinity":24,"s:94:4:94:Infinity":25,"f:94:30:94:31":21,"s:94:37:94:57":26}}}
,"/home/ludvik/vrsky/ui/src/store/messageLogStore.ts": {"path":"/home/ludvik/vrsky/ui/src/store/messageLogStore.ts","statementMap":{"0":{"start":{"line":23,"column":13},"end":{"line":66,"column":null}},"1":{"start":{"line":23,"column":73},"end":{"line":66,"column":2}},"2":{"start":{"line":27,"column":4},"end":{"line":34,"column":null}},"3":{"start":{"line":28,"column":22},"end":{"line":28,"column":null}},"4":{"start":{"line":29,"column":29},"end":{"line":29,"column":null}},"5":{"start":{"line":31,"column":26},"end":{"line":31,"column":null}},"6":{"start":{"line":32,"column":6},"end":{"line":32,"column":null}},"7":{"start":{"line":33,"column":6},"end":{"line":33,"column":null}},"8":{"start":{"line":38,"column":4},"end":{"line":44,"column":null}},"9":{"start":{"line":39,"column":22},"end":{"line":39,"column":null}},"10":{"start":{"line":40,"column":29},"end":{"line":40,"column":null}},"11":{"start":{"line":41,"column":26},"end":{"line":41,"column":null}},"12":{"start":{"line":42,"column":6},"end":{"line":42,"column":null}},"13":{"start":{"line":43,"column":6},"end":{"line":43,"column":null}},"14":{"start":{"line":48,"column":21},"end":{"line":48,"column":null}},"15":{"start":{"line":49,"column":4},"end":{"line":49,"column":null}},"16":{"start":{"line":53,"column":4},"end":{"line":57,"column":null}},"17":{"start":{"line":54,"column":22},"end":{"line":54,"column":null}},"18":{"start":{"line":55,"column":6},"end":{"line":55,"column":null}},"19":{"start":{"line":56,"column":6},"end":{"line":56,"column":null}},"20":{"start":{"line":60,"column":26},"end":{"line":60,"column":null}},"21":{"start":{"line":63,"column":28},"end":{"line":63,"column":null}},"22":{"start":{"line":64,"column":4},"end":{"line":64,"column":null}}},"fnMap":{"0":{"name":"(anonymous_0)","decl":{"start":{"line":23,"column":58},"end":{"line":23,"column":59}},"loc":{"start":{"line":23,"column":73},"end":{"line":66,"column":2}},"line":23},"1":{"name":"(anonymous_1)","decl":{"start":{"line":26,"column":14},"end":{"line":26,"column":15}},"loc":{"start":{"line":26,"column":41},"end":{"line":35,"column":null}},"line":26},"2":{"name":"(anonymous_2)","decl":{"start":{"line":27,"column":8},"end":{"line":27,"column":9}},"loc":{"start":{"line":27,"column":19},"end":{"line":34,"column":5}},"line":27},"3":{"name":"(anonymous_3)","decl":{"start":{"line":37,"column":15},"end":{"line":37,"column":16}},"loc":{"start":{"line":37,"column":43},"end":{"line":45,"column":null}},"line":37},"4":{"name":"(anonymous_4)","decl":{"start":{"line":38,"column":8},"end":{"line":38,"column":9}},"loc":{"start":{"line":38,"column":19},"end":{"line":44,"column":5}},"line":38},"5":{"name":"(anonymous_5)","decl":{"start":{"line":47,"column":15},"end":{"line":47,"column":16}},"loc":{"start":{"line":47,"column":33},"end":{"line":50,"column":null}},"line":47},"6":{"name":"(anonymous_6)","decl":{"start":{"line":52,"column":17},"end":{"line":52,"column":18}},"loc":{"start":{"line":52,"column":35},"end":{"line":58,"column":null}},"line":52},"7":{"name":"(anonymous_7)","decl":{"start":{"line":53,"column":8},"end":{"line":53,"column":9}},"loc":{"start":{"line":53,"column":19},"end":{"line":57,"column":5}},"line":53},"8":{"name":"(anonymous_8)","decl":{"start":{"line":60,"column":20},"end":{"line":60,"column":26}},"loc":{"start":{"line":60,"column":26},"end":{"line":60,"column":null}},"line":60},"9":{"name":"(anonymous_9)","decl":{"start":{"line":62,"column":21},"end":{"line":62,"column":22}},"loc":{"start":{"line":62,"column":46},"end":{"line":65,"column":null}},"line":62}},"branchMap":{"0":{"loc":{"start":{"line":29,"column":29},"end":{"line":29,"column":null}},"type":"binary-expr","locations":[{"start":{"line":29,"column":29},"end":{"line":29,"column":58}},{"start":{"line":29,"column":58},"end":{"line":29,"column":null}}],"line":29},"1":{"loc":{"start":{"line":40,"column":29},"end":{"line":40,"column":null}},"type":"binary-expr","locations":[{"start":{"line":40,"column":29},"end":{"line":40,"column":58}},{"start":{"line":40,"column":58},"end":{"line":40,"column":null}}],"line":40},"2":{"loc":{"start":{"line":49,"column":11},"end":{"line":49,"column":null}},"type":"binary-expr","locations":[{"start":{"line":49,"column":11},"end":{"line":49,"column":37}},{"start":{"line":49,"column":37},"end":{"line":49,"column":null}}],"line":49}},"s":{"0":1,"1":1,"2":1131,"3":1131,"4":1131,"5":1131,"6":1131,"7":1131,"8":1,"9":1,"10":1,"11":1,"12":1,"13":1,"14":8,"15":8,"16":2,"17":2,"18":2,"19":2,"20":1,"21":2,"22":2},"f":{"0":1,"1":1131,"2":1131,"3":1,"4":1,"5":8,"6":2,"7":2,"8":1,"9":2},"b":{"0":[1131,14],"1":[1,1],"2":[8,1]},"meta":{"lastBranch":3,"lastFunction":10,"lastStatement":23,"seen":{"s:23:13:66:Infinity":0,"f:23:58:23:59":0,"s:23:73:66:2":1,"f:26:14:26:15":1,"s:27:4:34:Infinity":2,"f:27:8:27:9":2,"s:28:22:28:Infinity":3,"s:29:29:29:Infinity":4,"b:29:29:29:58:29:58:29:Infinity":0,"s:31:26:31:Infinity":5,"s:32:6:32:Infinity":6,"s:33:6:33:Infinity":7,"f:37:15:37:16":3,"s:38:4:44:Infinity":8,"f:38:8:38:9":4,"s:39:22:39:Infinity":9,"s:40:29:40:Infinity":10,"b:40:29:40:58:40:58:40:Infinity":1,"s:41:26:41:Infinity":11,"s:42:6:42:Infinity":12,"s:43:6:43:Infinity":13,"f:47:15:47:16":5,"s:48:21:48:Infinity":14,"s:49:4:49:Infinity":15,"b:49:11:49:37:49:37:49:Infinity":2,"f:52:17:52:18":6,"s:53:4:57:Infinity":16,"f:53:8:53:9":7,"s:54:22:54:Infinity":17,"s:55:6:55:Infinity":18,"s:56:6:56:Infinity":19,"f:60:20:60:26":8,"s:60:26:60:Infinity":20,"f:62:21:62:22":9,"s:63:28:63:Infinity":21,"s:64:4:64:Infinity":22}}}
,"/home/ludvik/vrsky/ui/src/store/metricsStore.ts": {"path":"/home/ludvik/vrsky/ui/src/store/metricsStore.ts","statementMap":{"0":{"start":{"line":25,"column":13},"end":{"line":78,"column":null}},"1":{"start":{"line":25,"column":67},"end":{"line":78,"column":2}},"2":{"start":{"line":30,"column":4},"end":{"line":40,"column":null}},"3":{"start":{"line":31,"column":21},"end":{"line":31,"column":null}},"4":{"start":{"line":32,"column":6},"end":{"line":32,"column":null}},"5":{"start":{"line":33,"column":6},"end":{"line":39,"column":null}},"6":{"start":{"line":43,"column":30},"end":{"line":43,"column":null}},"7":{"start":{"line":46,"column":4},"end":{"line":49,"column":null}},"8":{"start":{"line":52,"column":4},"end":{"line":61,"column":null}},"9":{"start":{"line":53,"column":21},"end":{"line":53,"column":null}},"10":{"start":{"line":54,"column":6},"end":{"line":54,"column":null}},"11":{"start":{"line":55,"column":28},"end":{"line":55,"column":null}},"12":{"start":{"line":56,"column":6},"end":{"line":56,"column":null}},"13":{"start":{"line":57,"column":6},"end":{"line":60,"column":null}},"14":{"start":{"line":65,"column":27},"end":{"line":65,"column":null}},"15":{"start":{"line":66,"column":4},"end":{"line":66,"column":null}},"16":{"start":{"line":70,"column":27},"end":{"line":70,"column":null}},"17":{"start":{"line":71,"column":4},"end":{"line":71,"column":null}},"18":{"start":{"line":75,"column":32},"end":{"line":75,"column":null}},"19":{"start":{"line":76,"column":4},"end":{"line":76,"column":null}}},"fnMap":{"0":{"name":"(anonymous_0)","decl":{"start":{"line":25,"column":52},"end":{"line":25,"column":53}},"loc":{"start":{"line":25,"column":67},"end":{"line":78,"column":2}},"line":25},"1":{"name":"(anonymous_1)","decl":{"start":{"line":29,"column":17},"end":{"line":29,"column":18}},"loc":{"start":{"line":29,"column":44},"end":{"line":41,"column":null}},"line":29},"2":{"name":"(anonymous_2)","decl":{"start":{"line":30,"column":8},"end":{"line":30,"column":9}},"loc":{"start":{"line":30,"column":19},"end":{"line":40,"column":5}},"line":30},"3":{"name":"(anonymous_3)","decl":{"start":{"line":43,"column":14},"end":{"line":43,"column":15}},"loc":{"start":{"line":43,"column":30},"end":{"line":43,"column":null}},"line":43},"4":{"name":"(anonymous_4)","decl":{"start":{"line":45,"column":16},"end":{"line":45,"column":null}},"loc":{"start":{"line":46,"column":4},"end":{"line":49,"column":null}},"line":46},"5":{"name":"(anonymous_5)","decl":{"start":{"line":51,"column":17},"end":{"line":51,"column":18}},"loc":{"start":{"line":51,"column":35},"end":{"line":62,"column":null}},"line":51},"6":{"name":"(anonymous_6)","decl":{"start":{"line":52,"column":8},"end":{"line":52,"column":9}},"loc":{"start":{"line":52,"column":19},"end":{"line":61,"column":5}},"line":52},"7":{"name":"(anonymous_7)","decl":{"start":{"line":64,"column":28},"end":{"line":64,"column":29}},"loc":{"start":{"line":64,"column":46},"end":{"line":67,"column":null}},"line":64},"8":{"name":"(anonymous_8)","decl":{"start":{"line":69,"column":17},"end":{"line":69,"column":23}},"loc":{"start":{"line":69,"column":23},"end":{"line":72,"column":null}},"line":69},"9":{"name":"(anonymous_9)","decl":{"start":{"line":74,"column":21},"end":{"line":74,"column":22}},"loc":{"start":{"line":74,"column":39},"end":{"line":77,"column":null}},"line":74}},"branchMap":{},"s":{"0":1,"1":1,"2":9,"3":9,"4":9,"5":9,"6":1,"7":1,"8":1,"9":1,"10":1,"11":1,"12":1,"13":1,"14":2,"15":2,"16":1,"17":1,"18":2,"19":2},"f":{"0":1,"1":9,"2":9,"3":1,"4":1,"5":1,"6":1,"7":2,"8":1,"9":2},"b":{},"meta":{"lastBranch":0,"lastFunction":10,"lastStatement":20,"seen":{"s:25:13:78:Infinity":0,"f:25:52:25:53":0,"s:25:67:78:2":1,"f:29:17:29:18":1,"s:30:4:40:Infinity":2,"f:30:8:30:9":2,"s:31:21:31:Infinity":3,"s:32:6:32:Infinity":4,"s:33:6:39:Infinity":5,"f:43:14:43:15":3,"s:43:30:43:Infinity":6,"f:45:16:45:Infinity":4,"s:46:4:49:Infinity":7,"f:51:17:51:18":5,"s:52:4:61:Infinity":8,"f:52:8:52:9":6,"s:53:21:53:Infinity":9,"s:54:6:54:Infinity":10,"s:55:28:55:Infinity":11,"s:56:6:56:Infinity":12,"s:57:6:60:Infinity":13,"f:64:28:64:29":7,"s:65:27:65:Infinity":14,"s:66:4:66:Infinity":15,"f:69:17:69:23":8,"s:70:27:70:Infinity":16,"s:71:4:71:Infinity":17,"f:74:21:74:22":9,"s:75:32:75:Infinity":18,"s:76:4:76:Infinity":19}}}
,"/home/ludvik/vrsky/ui/src/store/uiStore.ts": {"path":"/home/ludvik/vrsky/ui/src/store/uiStore.ts","statementMap":{"0":{"start":{"line":35,"column":13},"end":{"line":120,"column":null}},"1":{"start":{"line":35,"column":57},"end":{"line":120,"column":2}},"2":{"start":{"line":41,"column":4},"end":{"line":41,"column":null}},"3":{"start":{"line":41,"column":20},"end":{"line":41,"column":56}},"4":{"start":{"line":44,"column":28},"end":{"line":44,"column":null}},"5":{"start":{"line":47,"column":15},"end":{"line":47,"column":null}},"6":{"start":{"line":48,"column":42},"end":{"line":52,"column":null}},"7":{"start":{"line":54,"column":4},"end":{"line":56,"column":null}},"8":{"start":{"line":54,"column":20},"end":{"line":56,"column":6}},"9":{"start":{"line":59,"column":4},"end":{"line":63,"column":null}},"10":{"start":{"line":60,"column":6},"end":{"line":62,"column":null}},"11":{"start":{"line":61,"column":8},"end":{"line":61,"column":null}},"12":{"start":{"line":65,"column":4},"end":{"line":65,"column":null}},"13":{"start":{"line":69,"column":4},"end":{"line":71,"column":null}},"14":{"start":{"line":69,"column":20},"end":{"line":71,"column":6}},"15":{"start":{"line":70,"column":55},"end":{"line":70,"column":66}},"16":{"start":{"line":74,"column":28},"end":{"line":74,"column":null}},"17":{"start":{"line":76,"column":33},"end":{"line":76,"column":null}},"18":{"start":{"line":78,"column":27},"end":{"line":78,"column":null}},"19":{"start":{"line":81,"column":30},"end":{"line":81,"column":null}},"20":{"start":{"line":82,"column":4},"end":{"line":82,"column":null}},"21":{"start":{"line":86,"column":4},"end":{"line":91,"column":null}},"22":{"start":{"line":95,"column":4},"end":{"line":100,"column":null}},"23":{"start":{"line":104,"column":4},"end":{"line":109,"column":null}},"24":{"start":{"line":113,"column":4},"end":{"line":118,"column":null}}},"fnMap":{"0":{"name":"(anonymous_0)","decl":{"start":{"line":35,"column":42},"end":{"line":35,"column":43}},"loc":{"start":{"line":35,"column":57},"end":{"line":120,"column":2}},"line":35},"1":{"name":"(anonymous_1)","decl":{"start":{"line":40,"column":17},"end":{"line":40,"column":23}},"loc":{"start":{"line":40,"column":23},"end":{"line":42,"column":null}},"line":40},"2":{"name":"(anonymous_2)","decl":{"start":{"line":41,"column":8},"end":{"line":41,"column":9}},"loc":{"start":{"line":41,"column":20},"end":{"line":41,"column":56}},"line":41},"3":{"name":"(anonymous_3)","decl":{"start":{"line":44,"column":18},"end":{"line":44,"column":19}},"loc":{"start":{"line":44,"column":28},"end":{"line":44,"column":null}},"line":44},"4":{"name":"(anonymous_4)","decl":{"start":{"line":46,"column":19},"end":{"line":46,"column":20}},"loc":{"start":{"line":46,"column":37},"end":{"line":66,"column":null}},"line":46},"5":{"name":"(anonymous_5)","decl":{"start":{"line":54,"column":8},"end":{"line":54,"column":9}},"loc":{"start":{"line":54,"column":20},"end":{"line":56,"column":6}},"line":54},"6":{"name":"(anonymous_6)","decl":{"start":{"line":60,"column":17},"end":{"line":60,"column":23}},"loc":{"start":{"line":60,"column":23},"end":{"line":62,"column":9}},"line":60},"7":{"name":"(anonymous_7)","decl":{"start":{"line":68,"column":22},"end":{"line":68,"column":23}},"loc":{"start":{"line":68,"column":30},"end":{"line":72,"column":null}},"line":68},"8":{"name":"(anonymous_8)","decl":{"start":{"line":69,"column":8},"end":{"line":69,"column":9}},"loc":{"start":{"line":69,"column":20},"end":{"line":71,"column":6}},"line":69},"9":{"name":"(anonymous_9)","decl":{"start":{"line":70,"column":48},"end":{"line":70,"column":49}},"loc":{"start":{"line":70,"column":55},"end":{"line":70,"column":66}},"line":70},"10":{"name":"(anonymous_10)","decl":{"start":{"line":74,"column":22},"end":{"line":74,"column":28}},"loc":{"start":{"line":74,"column":28},"end":{"line":74,"column":null}},"line":74},"11":{"name":"(anonymous_11)","decl":{"start":{"line":76,"column":21},"end":{"line":76,"column":22}},"loc":{"start":{"line":76,"column":33},"end":{"line":76,"column":null}},"line":76},"12":{"name":"(anonymous_12)","decl":{"start":{"line":78,"column":21},"end":{"line":78,"column":27}},"loc":{"start":{"line":78,"column":27},"end":{"line":78,"column":null}},"line":78},"13":{"name":"(anonymous_13)","decl":{"start":{"line":80,"column":24},"end":{"line":80,"column":30}},"loc":{"start":{"line":80,"column":30},"end":{"line":83,"column":null}},"line":80},"14":{"name":"(anonymous_14)","decl":{"start":{"line":85,"column":27},"end":{"line":85,"column":28}},"loc":{"start":{"line":85,"column":57},"end":{"line":92,"column":null}},"line":85},"15":{"name":"(anonymous_15)","decl":{"start":{"line":94,"column":25},"end":{"line":94,"column":26}},"loc":{"start":{"line":94,"column":55},"end":{"line":101,"column":null}},"line":94},"16":{"name":"(anonymous_16)","decl":{"start":{"line":103,"column":27},"end":{"line":103,"column":28}},"loc":{"start":{"line":103,"column":57},"end":{"line":110,"column":null}},"line":103},"17":{"name":"(anonymous_17)","decl":{"start":{"line":112,"column":24},"end":{"line":112,"column":25}},"loc":{"start":{"line":112,"column":54},"end":{"line":119,"column":null}},"line":112}},"branchMap":{"0":{"loc":{"start":{"line":51,"column":16},"end":{"line":51,"column":null}},"type":"binary-expr","locations":[{"start":{"line":51,"column":16},"end":{"line":51,"column":41}},{"start":{"line":51,"column":41},"end":{"line":51,"column":null}}],"line":51},"1":{"loc":{"start":{"line":59,"column":4},"end":{"line":63,"column":null}},"type":"if","locations":[{"start":{"line":59,"column":4},"end":{"line":63,"column":null}},{"start":{},"end":{}}],"line":59},"2":{"loc":{"start":{"line":59,"column":8},"end":{"line":59,"column":66}},"type":"binary-expr","locations":[{"start":{"line":59,"column":8},"end":{"line":59,"column":36}},{"start":{"line":59,"column":36},"end":{"line":59,"column":66}}],"line":59}},"s":{"0":1,"1":1,"2":0,"3":0,"4":0,"5":6,"6":6,"7":6,"8":6,"9":6,"10":6,"11":0,"12":6,"13":1,"14":1,"15":1,"16":1,"17":3,"18":1,"19":0,"20":0,"21":0,"22":0,"23":0,"24":0},"f":{"0":1,"1":0,"2":0,"3":0,"4":6,"5":6,"6":0,"7":1,"8":1,"9":1,"10":1,"11":3,"12":1,"13":0,"14":0,"15":0,"16":0,"17":0},"b":{"0":[6,6],"1":[6,0],"2":[6,6]},"meta":{"lastBranch":3,"lastFunction":18,"lastStatement":25,"seen":{"s:35:13:120:Infinity":0,"f:35:42:35:43":0,"s:35:57:120:2":1,"f:40:17:40:23":1,"s:41:4:41:Infinity":2,"f:41:8:41:9":2,"s:41:20:41:56":3,"f:44:18:44:19":3,"s:44:28:44:Infinity":4,"f:46:19:46:20":4,"s:47:15:47:Infinity":5,"s:48:42:52:Infinity":6,"b:51:16:51:41:51:41:51:Infinity":0,"s:54:4:56:Infinity":7,"f:54:8:54:9":5,"s:54:20:56:6":8,"b:59:4:63:Infinity:undefined:undefined:undefined:undefined":1,"s:59:4:63:Infinity":9,"b:59:8:59:36:59:36:59:66":2,"s:60:6:62:Infinity":10,"f:60:17:60:23":6,"s:61:8:61:Infinity":11,"s:65:4:65:Infinity":12,"f:68:22:68:23":7,"s:69:4:71:Infinity":13,"f:69:8:69:9":8,"s:69:20:71:6":14,"f:70:48:70:49":9,"s:70:55:70:66":15,"f:74:22:74:28":10,"s:74:28:74:Infinity":16,"f:76:21:76:22":11,"s:76:33:76:Infinity":17,"f:78:21:78:27":12,"s:78:27:78:Infinity":18,"f:80:24:80:30":13,"s:81:30:81:Infinity":19,"s:82:4:82:Infinity":20,"f:85:27:85:28":14,"s:86:4:91:Infinity":21,"f:94:25:94:26":15,"s:95:4:100:Infinity":22,"f:103:27:103:28":16,"s:104:4:109:Infinity":23,"f:112:24:112:25":17,"s:113:4:118:Infinity":24}}}
,"/home/ludvik/vrsky/ui/src/utils/errors.ts": {"path":"/home/ludvik/vrsky/ui/src/utils/errors.ts","statementMap":{"0":{"start":{"line":12,"column":2},"end":{"line":16,"column":null}},"1":{"start":{"line":24,"column":2},"end":{"line":26,"column":null}},"2":{"start":{"line":25,"column":4},"end":{"line":25,"column":null}},"3":{"start":{"line":28,"column":2},"end":{"line":30,"column":null}},"4":{"start":{"line":29,"column":4},"end":{"line":29,"column":null}},"5":{"start":{"line":32,"column":2},"end":{"line":34,"column":null}},"6":{"start":{"line":33,"column":4},"end":{"line":33,"column":null}},"7":{"start":{"line":36,"column":2},"end":{"line":36,"column":null}},"8":{"start":{"line":43,"column":2},"end":{"line":49,"column":null}},"9":{"start":{"line":44,"column":18},"end":{"line":44,"column":null}},"10":{"start":{"line":45,"column":4},"end":{"line":48,"column":null}},"11":{"start":{"line":51,"column":2},"end":{"line":56,"column":null}},"12":{"start":{"line":52,"column":4},"end":{"line":55,"column":null}},"13":{"start":{"line":58,"column":2},"end":{"line":61,"column":null}},"14":{"start":{"line":68,"column":2},"end":{"line":70,"column":null}},"15":{"start":{"line":78,"column":2},"end":{"line":78,"column":null}},"16":{"start":{"line":85,"column":2},"end":{"line":85,"column":null}},"17":{"start":{"line":92,"column":2},"end":{"line":92,"column":null}},"18":{"start":{"line":95,"column":26},"end":{"line":103,"column":null}}},"fnMap":{"0":{"name":"isAPIError","decl":{"start":{"line":11,"column":16},"end":{"line":11,"column":27}},"loc":{"start":{"line":11,"column":62},"end":{"line":18,"column":null}},"line":11},"1":{"name":"getErrorMessage","decl":{"start":{"line":23,"column":16},"end":{"line":23,"column":32}},"loc":{"start":{"line":23,"column":56},"end":{"line":37,"column":null}},"line":23},"2":{"name":"formatError","decl":{"start":{"line":42,"column":16},"end":{"line":42,"column":28}},"loc":{"start":{"line":42,"column":80},"end":{"line":62,"column":null}},"line":42},"3":{"name":"isNetworkError","decl":{"start":{"line":67,"column":16},"end":{"line":67,"column":31}},"loc":{"start":{"line":67,"column":56},"end":{"line":72,"column":null}},"line":67},"4":{"name":"isValidationError","decl":{"start":{"line":77,"column":16},"end":{"line":77,"column":34}},"loc":{"start":{"line":77,"column":59},"end":{"line":79,"column":null}},"line":77},"5":{"name":"isNotFoundError","decl":{"start":{"line":84,"column":16},"end":{"line":84,"column":32}},"loc":{"start":{"line":84,"column":57},"end":{"line":86,"column":null}},"line":84},"6":{"name":"isUnauthorizedError","decl":{"start":{"line":91,"column":16},"end":{"line":91,"column":36}},"loc":{"start":{"line":91,"column":61},"end":{"line":93,"column":null}},"line":91}},"branchMap":{"0":{"loc":{"start":{"line":13,"column":4},"end":{"line":16,"column":null}},"type":"binary-expr","locations":[{"start":{"line":13,"column":4},"end":{"line":13,"column":null}},{"start":{"line":14,"column":4},"end":{"line":14,"column":null}},{"start":{"line":15,"column":4},"end":{"line":15,"column":null}},{"start":{"line":16,"column":4},"end":{"line":16,"column":null}}],"line":13},"1":{"loc":{"start":{"line":24,"column":2},"end":{"line":26,"column":null}},"type":"if","locations":[{"start":{"line":24,"column":2},"end":{"line":26,"column":null}},{"start":{},"end":{}}],"line":24},"2":{"loc":{"start":{"line":28,"column":2},"end":{"line":30,"column":null}},"type":"if","locations":[{"start":{"line":28,"column":2},"end":{"line":30,"column":null}},{"start":{},"end":{}}],"line":28},"3":{"loc":{"start":{"line":32,"column":2},"end":{"line":34,"column":null}},"type":"if","locations":[{"start":{"line":32,"column":2},"end":{"line":34,"column":null}},{"start":{},"end":{}}],"line":32},"4":{"loc":{"start":{"line":43,"column":2},"end":{"line":49,"column":null}},"type":"if","locations":[{"start":{"line":43,"column":2},"end":{"line":49,"column":null}},{"start":{},"end":{}}],"line":43},"5":{"loc":{"start":{"line":51,"column":2},"end":{"line":56,"column":null}},"type":"if","locations":[{"start":{"line":51,"column":2},"end":{"line":56,"column":null}},{"start":{},"end":{}}],"line":51},"6":{"loc":{"start":{"line":53,"column":13},"end":{"line":53,"column":null}},"type":"binary-expr","locations":[{"start":{"line":53,"column":13},"end":{"line":53,"column":27}},{"start":{"line":53,"column":27},"end":{"line":53,"column":null}}],"line":53},"7":{"loc":{"start":{"line":69,"column":4},"end":{"line":70,"column":null}},"type":"binary-expr","locations":[{"start":{"line":69,"column":4},"end":{"line":69,"column":null}},{"start":{"line":70,"column":5},"end":{"line":70,"column":39}},{"start":{"line":70,"column":39},"end":{"line":70,"column":null}}],"line":69},"8":{"loc":{"start":{"line":78,"column":9},"end":{"line":78,"column":null}},"type":"binary-expr","locations":[{"start":{"line":78,"column":9},"end":{"line":78,"column":30}},{"start":{"line":78,"column":30},"end":{"line":78,"column":null}}],"line":78},"9":{"loc":{"start":{"line":85,"column":9},"end":{"line":85,"column":null}},"type":"binary-expr","locations":[{"start":{"line":85,"column":9},"end":{"line":85,"column":30}},{"start":{"line":85,"column":30},"end":{"line":85,"column":null}}],"line":85},"10":{"loc":{"start":{"line":92,"column":9},"end":{"line":92,"column":null}},"type":"binary-expr","locations":[{"start":{"line":92,"column":9},"end":{"line":92,"column":31}},{"start":{"line":92,"column":31},"end":{"line":92,"column":60}},{"start":{"line":92,"column":60},"end":{"line":92,"column":null}}],"line":92}},"s":{"0":38,"1":7,"2":1,"3":6,"4":1,"5":5,"6":1,"7":4,"8":3,"9":1,"10":1,"11":2,"12":1,"13":1,"14":5,"15":3,"16":2,"17":3,"18":3},"f":{"0":38,"1":7,"2":3,"3":5,"4":3,"5":2,"6":3},"b":{"0":[38,32,29,16],"1":[1,6],"2":[1,5],"3":[1,4],"4":[1,2],"5":[1,1],"6":[1,0],"7":[5,3,2],"8":[3,3],"9":[2,2],"10":[3,3,2]},"meta":{"lastBranch":11,"lastFunction":7,"lastStatement":19,"seen":{"f:11:16:11:27":0,"s:12:2:16:Infinity":0,"b:13:4:13:Infinity:14:4:14:Infinity:15:4:15:Infinity:16:4:16:Infinity":0,"f:23:16:23:32":1,"b:24:2:26:Infinity:undefined:undefined:undefined:undefined":1,"s:24:2:26:Infinity":1,"s:25:4:25:Infinity":2,"b:28:2:30:Infinity:undefined:undefined:undefined:undefined":2,"s:28:2:30:Infinity":3,"s:29:4:29:Infinity":4,"b:32:2:34:Infinity:undefined:undefined:undefined:undefined":3,"s:32:2:34:Infinity":5,"s:33:4:33:Infinity":6,"s:36:2:36:Infinity":7,"f:42:16:42:28":2,"b:43:2:49:Infinity:undefined:undefined:undefined:undefined":4,"s:43:2:49:Infinity":8,"s:44:18:44:Infinity":9,"s:45:4:48:Infinity":10,"b:51:2:56:Infinity:undefined:undefined:undefined:undefined":5,"s:51:2:56:Infinity":11,"s:52:4:55:Infinity":12,"b:53:13:53:27:53:27:53:Infinity":6,"s:58:2:61:Infinity":13,"f:67:16:67:31":3,"s:68:2:70:Infinity":14,"b:69:4:69:Infinity:70:5:70:39:70:39:70:Infinity":7,"f:77:16:77:34":4,"s:78:2:78:Infinity":15,"b:78:9:78:30:78:30:78:Infinity":8,"f:84:16:84:32":5,"s:85:2:85:Infinity":16,"b:85:9:85:30:85:30:85:Infinity":9,"f:91:16:91:36":6,"s:92:2:92:Infinity":17,"b:92:9:92:31:92:31:92:60:92:60:92:Infinity":10,"s:95:26:103:Infinity":18}}}
}
