TN:
SF:src/components/MetricsDisplay/MessageProgressBar.tsx
FN:13,MessageProgressBar
FNF:1
FNH:1
FNDA:40,MessageProgressBar
DA:20,40
DA:21,40
DA:23,40
LF:3
LH:3
BRDA:17,0,0,40
BRDA:20,1,0,38
BRDA:20,1,1,2
BRDA:51,2,0,34
BRDA:51,2,1,6
BRDA:53,3,0,34
BRDA:53,3,1,6
BRDA:60,4,0,8
BRDA:60,4,1,32
BRDA:60,5,0,1
BRDA:60,5,1,31
BRDA:60,6,0,3
BRDA:60,6,1,28
BRF:13
BRH:13
end_of_record
TN:
SF:src/components/MetricsDisplay/MetricsCard.tsx
FN:37,MetricsCard
FNF:1
FNH:1
FNDA:8,MetricsCard
DA:17,1
DA:25,1
DA:31,1
DA:47,8
DA:48,1
DA:61,7
LF:6
LH:6
BRDA:40,0,0,8
BRDA:44,1,0,8
BRDA:45,2,0,8
BRDA:47,3,0,1
BRDA:47,3,1,7
BRDA:52,4,0,1
BRDA:52,4,1,0
BRDA:65,5,0,7
BRDA:65,5,1,1
BRDA:70,6,0,8
BRDA:70,6,1,1
BRDA:72,7,0,8
BRDA:72,7,1,1
BRDA:75,8,0,1
BRDA:75,8,1,1
BRF:15
BRH:14
end_of_record
TN:
SF:src/components/MetricsDisplay/PipelineFlowVisualization.tsx
FN:30,PipelineFlowVisualization
FN:74,(anonymous_1)
FN:129,(anonymous_2)
FNF:3
FNH:3
FNDA:31,PipelineFlowVisualization
FNDA:116,(anonymous_1)
FNDA:116,(anonymous_2)
DA:12,1
DA:31,31
DA:32,2
DA:39,29
DA:66,29
DA:75,116
DA:77,116
DA:130,116
DA:131,116
LF:9
LH:9
BRDA:31,0,0,2
BRDA:31,0,1,29
BRDA:80,1,0,116
BRDA:80,1,1,87
BRDA:104,2,0,114
BRDA:104,2,1,2
BRDA:104,3,0,1
BRDA:104,3,1,1
BRDA:116,4,0,116
BRDA:116,4,1,31
BRDA:137,5,0,114
BRDA:137,5,1,2
BRDA:139,6,0,1
BRDA:139,6,1,1
BRDA:163,7,0,27
BRDA:163,7,1,2
BRDA:165,8,0,27
BRDA:165,8,1,2
BRF:18
BRH:18
end_of_record
TN:
SF:src/components/TestData/AutoGeneratorControls.tsx
FN:17,AutoGeneratorControls
FN:25,(anonymous_1)
FN:26,(anonymous_2)
FN:41,(anonymous_3)
FN:44,(anonymous_4)
FN:54,(anonymous_5)
FN:57,(anonymous_6)
FN:93,(anonymous_7)
FN:164,(anonymous_8)
FN:181,(anonymous_9)
FN:184,(anonymous_10)
FNF:11
FNH:11
FNDA:87,AutoGeneratorControls
FNDA:35,(anonymous_1)
FNDA:35,(anonymous_2)
FNDA:70,(anonymous_3)
FNDA:1,(anonymous_4)
FNDA:12,(anonymous_5)
FNDA:6,(anonymous_6)
FNDA:5,(anonymous_7)
FNDA:1,(anonymous_8)
FNDA:198,(anonymous_9)
FNDA:1,(anonymous_10)
DA:18,87
DA:19,87
DA:20,87
DA:21,87
DA:22,87
DA:25,87
DA:26,35
DA:27,35
DA:28,35
DA:29,34
DA:30,34
DA:33,1
DA:37,35
DA:41,87
DA:42,70
DA:44,12
DA:45,1
DA:46,1
DA:47,1
DA:48,1
DA:50,0
DA:54,12
DA:57,87
DA:58,6
DA:59,0
DA:64,0
DA:67,6
DA:68,6
DA:69,6
DA:72,5
DA:73,5
DA:74,5
DA:76,6
DA:82,1
DA:83,1
DA:89,6
DA:93,87
DA:94,5
DA:95,5
DA:96,5
DA:99,3
DA:100,3
DA:101,3
DA:103,5
DA:109,1
DA:110,1
DA:116,4
DA:120,87
DA:164,1
DA:182,198
DA:184,1
LF:51
LH:48
BRDA:42,0,0,58
BRDA:42,0,1,12
BRDA:58,1,0,0
BRDA:58,1,1,6
BRDA:58,2,0,6
BRDA:58,2,1,6
BRDA:82,3,0,0
BRDA:82,3,1,1
BRDA:109,4,0,0
BRDA:109,4,1,1
BRDA:125,5,0,87
BRDA:125,5,1,44
BRDA:126,6,0,21
BRDA:126,6,1,23
BRDA:130,7,0,21
BRDA:130,7,1,23
BRDA:132,8,0,21
BRDA:132,8,1,23
BRDA:133,9,0,21
BRDA:133,9,1,23
BRDA:136,10,0,44
BRDA:136,10,1,21
BRDA:142,11,0,44
BRDA:142,11,1,21
BRDA:152,12,0,66
BRDA:152,12,1,21
BRDA:187,13,0,66
BRDA:187,13,1,132
BRDA:204,14,0,8
BRDA:204,14,1,58
BRDA:215,15,0,5
BRDA:215,15,1,16
BRDA:222,16,0,21
BRDA:222,16,1,66
BRF:34
BRH:31
end_of_record
TN:
SF:src/components/TestData/MessageLog.tsx
FN:22,MessageLog
FN:61,(anonymous_1)
FN:64,(anonymous_2)
FN:86,(anonymous_3)
FN:96,(anonymous_4)
FN:114,(anonymous_5)
FN:184,(anonymous_6)
FNF:7
FNH:7
FNDA:51,MessageLog
FNDA:237,(anonymous_1)
FNDA:12,(anonymous_2)
FNDA:1,(anonymous_3)
FNDA:6,(anonymous_4)
FNDA:1,(anonymous_5)
FNDA:1,(anonymous_6)
DA:23,51
DA:24,51
DA:26,51
DA:27,51
DA:28,51
DA:29,51
DA:31,51
DA:37,51
DA:43,51
DA:44,2
DA:51,49
DA:62,237
DA:64,12
DA:86,1
DA:96,6
DA:114,1
DA:184,1
LF:17
LH:17
BRDA:22,0,0,51
BRDA:43,1,0,2
BRDA:43,1,1,49
BRDA:83,2,0,49
BRDA:83,2,1,15
BRDA:107,3,0,51
BRDA:107,3,1,12
BRDA:149,4,0,12
BRDA:149,4,1,0
BRDA:157,5,0,12
BRDA:157,5,1,1
BRDA:169,6,0,12
BRDA:169,6,1,1
BRF:13
BRH:12
end_of_record
TN:
SF:src/components/TestData/TestMessageForm.tsx
FN:16,TestMessageForm
FN:21,(anonymous_1)
FN:60,(anonymous_2)
FN:76,(anonymous_3)
FNF:4
FNH:4
FNDA:52,TestMessageForm
FNDA:13,(anonymous_1)
FNDA:6,(anonymous_2)
FNDA:1,(anonymous_3)
DA:17,52
DA:18,52
DA:19,52
DA:21,52
DA:22,13
DA:23,0
DA:28,0
DA:31,13
DA:32,13
DA:33,13
DA:34,8
DA:39,8
DA:40,8
DA:42,4
DA:43,4
DA:49,12
DA:53,52
DA:60,6
DA:76,1
LF:19
LH:17
BRDA:22,0,0,0
BRDA:22,0,1,13
BRDA:42,1,0,0
BRDA:42,1,1,4
BRDA:70,2,0,52
BRDA:70,2,1,39
BRDA:73,3,0,13
BRDA:73,3,1,39
BRF:8
BRH:6
end_of_record
TN:
SF:src/hooks/useMetrics.ts
FN:24,useMetrics
FN:29,(anonymous_1)
FN:37,(anonymous_2)
FN:68,(anonymous_3)
FN:78,(anonymous_4)
FNF:5
FNH:5
FNDA:35,useMetrics
FNDA:32,(anonymous_1)
FNDA:6,(anonymous_2)
FNDA:3,(anonymous_3)
FNDA:26,(anonymous_4)
DA:25,35
DA:26,35
DA:27,35
DA:29,35
DA:30,32
DA:31,6
DA:34,26
DA:37,26
DA:38,6
DA:68,26
DA:69,3
DA:70,2
DA:75,26
DA:78,26
DA:79,26
DA:80,26
DA:85,35
DA:87,35
LF:18
LH:18
BRDA:24,0,0,35
BRDA:25,1,0,35
BRDA:30,2,0,6
BRDA:30,2,1,26
BRDA:30,3,0,32
BRDA:30,3,1,29
BRDA:30,3,2,26
BRDA:47,4,0,6
BRDA:47,4,1,5
BRDA:69,5,0,2
BRDA:69,5,1,1
BRF:11
BRH:11
end_of_record
TN:
SF:src/services/connectionService.ts
FN:21,createConnection
FN:32,getConnection
FN:42,listConnections
FN:60,updateConnection
FN:74,deleteConnection
FN:81,startConnection
FN:93,stopConnection
FNF:7
FNH:7
FNDA:1,createConnection
FNDA:4,getConnection
FNDA:2,listConnections
FNDA:1,updateConnection
FNDA:1,deleteConnection
FNDA:1,startConnection
FNDA:1,stopConnection
DA:22,1
DA:26,1
DA:33,4
DA:36,3
DA:46,2
DA:47,2
DA:48,2
DA:50,2
DA:51,2
DA:53,2
DA:54,2
DA:64,1
DA:68,1
DA:75,1
DA:82,1
DA:87,1
DA:94,1
DA:99,1
DA:102,1
LF:19
LH:19
BRDA:47,0,0,1
BRDA:47,0,1,1
BRDA:48,1,0,1
BRDA:48,1,1,1
BRDA:51,2,0,1
BRDA:51,2,1,1
BRF:6
BRH:6
end_of_record
TN:
SF:src/services/testDataService.ts
FN:17,sendTestMessage
FN:27,startAutoGenerator
FN:42,stopAutoGenerator
FN:51,getAutoGeneratorStatus
FNF:4
FNH:4
FNDA:3,sendTestMessage
FNDA:3,startAutoGenerator
FNDA:1,stopAutoGenerator
FNDA:1,getAutoGeneratorStatus
DA:18,3
DA:32,3
DA:43,1
DA:54,1
DA:57,1
DA:60,1
LF:6
LH:6
BRDA:29,0,0,3
BRDA:30,1,0,3
BRF:2
BRH:2
end_of_record
TN:
SF:src/store/connectionsStore.ts
FN:32,(anonymous_0)
FN:38,(anonymous_1)
FN:40,(anonymous_2)
FN:41,(anonymous_3)
FN:45,(anonymous_4)
FN:46,(anonymous_5)
FN:47,(anonymous_6)
FN:56,(anonymous_7)
FN:57,(anonymous_8)
FN:58,(anonymous_9)
FN:63,(anonymous_10)
FN:65,(anonymous_11)
FN:67,(anonymous_12)
FN:69,(anonymous_13)
FN:77,(anonymous_14)
FN:79,(anonymous_15)
FN:82,(anonymous_16)
FN:84,(anonymous_17)
FN:87,(anonymous_18)
FN:89,(anonymous_19)
FN:92,(anonymous_20)
FN:94,(anonymous_21)
FNF:22
FNH:22
FNDA:1,(anonymous_0)
FNDA:1,(anonymous_1)
FNDA:12,(anonymous_2)
FNDA:12,(anonymous_3)
FNDA:1,(anonymous_4)
FNDA:1,(anonymous_5)
FNDA:1,(anonymous_6)
FNDA:2,(anonymous_7)
FNDA:2,(anonymous_8)
FNDA:2,(anonymous_9)
FNDA:4,(anonymous_10)
FNDA:2,(anonymous_11)
FNDA:2,(anonymous_12)
FNDA:1,(anonymous_13)
FNDA:3,(anonymous_14)
FNDA:2,(anonymous_15)
FNDA:1,(anonymous_16)
FNDA:2,(anonymous_17)
FNDA:1,(anonymous_18)
FNDA:2,(anonymous_19)
FNDA:1,(anonymous_20)
FNDA:2,(anonymous_21)
DA:32,1
DA:38,1
DA:41,12
DA:46,1
DA:48,1
DA:57,2
DA:58,2
DA:63,4
DA:65,2
DA:67,2
DA:70,1
DA:78,3
DA:79,3
DA:83,1
DA:84,2
DA:88,1
DA:89,2
DA:93,1
DA:94,2
LF:19
LH:19
BRDA:48,0,0,1
BRDA:48,0,1,0
BRDA:51,1,0,0
BRDA:51,1,1,1
BRDA:60,2,0,1
BRDA:60,2,1,1
BRF:6
BRH:4
end_of_record
TN:
SF:src/store/messageLogStore.ts
FN:23,(anonymous_0)
FN:26,(anonymous_1)
FN:27,(anonymous_2)
FN:37,(anonymous_3)
FN:38,(anonymous_4)
FN:47,(anonymous_5)
FN:52,(anonymous_6)
FN:53,(anonymous_7)
FN:60,(anonymous_8)
FN:62,(anonymous_9)
FNF:10
FNH:10
FNDA:1,(anonymous_0)
FNDA:1131,(anonymous_1)
FNDA:1131,(anonymous_2)
FNDA:1,(anonymous_3)
FNDA:1,(anonymous_4)
FNDA:8,(anonymous_5)
FNDA:2,(anonymous_6)
FNDA:2,(anonymous_7)
FNDA:1,(anonymous_8)
FNDA:2,(anonymous_9)
DA:23,1
DA:27,1131
DA:28,1131
DA:29,1131
DA:31,1131
DA:32,1131
DA:33,1131
DA:38,1
DA:39,1
DA:40,1
DA:41,1
DA:42,1
DA:43,1
DA:48,8
DA:49,8
DA:53,2
DA:54,2
DA:55,2
DA:56,2
DA:60,1
DA:63,2
DA:64,2
LF:22
LH:22
BRDA:29,0,0,1131
BRDA:29,0,1,14
BRDA:40,1,0,1
BRDA:40,1,1,1
BRDA:49,2,0,8
BRDA:49,2,1,1
BRF:6
BRH:6
end_of_record
TN:
SF:src/store/metricsStore.ts
FN:25,(anonymous_0)
FN:29,(anonymous_1)
FN:30,(anonymous_2)
FN:43,(anonymous_3)
FN:45,(anonymous_4)
FN:51,(anonymous_5)
FN:52,(anonymous_6)
FN:64,(anonymous_7)
FN:69,(anonymous_8)
FN:74,(anonymous_9)
FNF:10
FNH:10
FNDA:1,(anonymous_0)
FNDA:9,(anonymous_1)
FNDA:9,(anonymous_2)
FNDA:1,(anonymous_3)
FNDA:1,(anonymous_4)
FNDA:1,(anonymous_5)
FNDA:1,(anonymous_6)
FNDA:2,(anonymous_7)
FNDA:1,(anonymous_8)
FNDA:2,(anonymous_9)
DA:25,1
DA:30,9
DA:31,9
DA:32,9
DA:33,9
DA:43,1
DA:46,1
DA:52,1
DA:53,1
DA:54,1
DA:55,1
DA:56,1
DA:57,1
DA:65,2
DA:66,2
DA:70,1
DA:71,1
DA:75,2
DA:76,2
LF:19
LH:19
BRF:0
BRH:0
end_of_record
TN:
SF:src/store/uiStore.ts
FN:35,(anonymous_0)
FN:40,(anonymous_1)
FN:41,(anonymous_2)
FN:44,(anonymous_3)
FN:46,(anonymous_4)
FN:54,(anonymous_5)
FN:60,(anonymous_6)
FN:68,(anonymous_7)
FN:69,(anonymous_8)
FN:70,(anonymous_9)
FN:74,(anonymous_10)
FN:76,(anonymous_11)
FN:78,(anonymous_12)
FN:80,(anonymous_13)
FN:85,(anonymous_14)
FN:94,(anonymous_15)
FN:103,(anonymous_16)
FN:112,(anonymous_17)
FNF:18
FNH:9
FNDA:1,(anonymous_0)
FNDA:0,(anonymous_1)
FNDA:0,(anonymous_2)
FNDA:0,(anonymous_3)
FNDA:6,(anonymous_4)
FNDA:6,(anonymous_5)
FNDA:0,(anonymous_6)
FNDA:1,(anonymous_7)
FNDA:1,(anonymous_8)
FNDA:1,(anonymous_9)
FNDA:1,(anonymous_10)
FNDA:3,(anonymous_11)
FNDA:1,(anonymous_12)
FNDA:0,(anonymous_13)
FNDA:0,(anonymous_14)
FNDA:0,(anonymous_15)
FNDA:0,(anonymous_16)
FNDA:0,(anonymous_17)
DA:35,1
DA:41,0
DA:44,0
DA:47,6
DA:48,6
DA:54,6
DA:59,6
DA:60,6
DA:61,0
DA:65,6
DA:69,1
DA:70,1
DA:74,1
DA:76,3
DA:78,1
DA:81,0
DA:82,0
DA:86,0
DA:95,0
DA:104,0
DA:113,0
LF:21
LH:12
BRDA:51,0,0,6
BRDA:51,0,1,6
BRDA:59,1,0,6
BRDA:59,1,1,0
BRDA:59,2,0,6
BRDA:59,2,1,6
BRF:6
BRH:5
end_of_record
TN:
SF:src/utils/errors.ts
FN:11,isAPIError
FN:23,getErrorMessage
FN:42,formatError
FN:67,isNetworkError
FN:77,isValidationError
FN:84,isNotFoundError
FN:91,isUnauthorizedError
FNF:7
FNH:7
FNDA:38,isAPIError
FNDA:7,getErrorMessage
FNDA:3,formatError
FNDA:5,isNetworkError
FNDA:3,isValidationError
FNDA:2,isNotFoundError
FNDA:3,isUnauthorizedError
DA:12,38
DA:24,7
DA:25,1
DA:28,6
DA:29,1
DA:32,5
DA:33,1
DA:36,4
DA:43,3
DA:44,1
DA:45,1
DA:51,2
DA:52,1
DA:58,1
DA:68,5
DA:78,3
DA:85,2
DA:92,3
DA:95,3
LF:19
LH:19
BRDA:13,0,0,38
BRDA:13,0,1,32
BRDA:13,0,2,29
BRDA:13,0,3,16
BRDA:24,1,0,1
BRDA:24,1,1,6
BRDA:28,2,0,1
BRDA:28,2,1,5
BRDA:32,3,0,1
BRDA:32,3,1,4
BRDA:43,4,0,1
BRDA:43,4,1,2
BRDA:51,5,0,1
BRDA:51,5,1,1
BRDA:53,6,0,1
BRDA:53,6,1,0
BRDA:69,7,0,5
BRDA:69,7,1,3
BRDA:69,7,2,2
BRDA:78,8,0,3
BRDA:78,8,1,3
BRDA:85,9,0,2
BRDA:85,9,1,2
BRDA:92,10,0,3
BRDA:92,10,1,3
BRDA:92,10,2,2
BRF:26
BRH:25
end_of_record
